<?xml version="1.0" encoding="UTF-8"?>
<TestRun id="a9638b0b-1ac8-4a42-bdaf-5eb482e0cf08" name="Administrator@0JC5E4J89IIGSFK 2019-04-05 23:26:11" runUser="0JC5E4J89IIGSFK\Administrator" xmlns="http://microsoft.com/schemas/VisualStudio/TeamTest/2010">
  <TestSettings name="Local" id="28d37e11-905d-48f5-94df-ac22f24a05af">
    <Description>These are default test settings for a local test run.</Description>
    <Deployment runDeploymentRoot="Administrator_0JC5E4J89IIGSFK 2019-04-05 23_26_11">
      <DeploymentItem filename="C:\Users\Administrator\Desktop\QuanLyQuanCF\QuanLyQuanCF\bin\Debug\QuanLyQuanCF.exe" />
    </Deployment>
    <Execution>
      <TestTypeSpecific>
        <UnitTestRunConfig testTypeId="13cdc9d9-ddb5-4fa4-a97d-d965ccfc6d4b">
          <AssemblyResolution>
            <TestDirectory useLoadContext="true" />
          </AssemblyResolution>
        </UnitTestRunConfig>
        <WebTestRunConfiguration testTypeId="4e7599fa-5ecb-43e9-a887-cd63cf72d207">
          <Browser name="Internet Explorer 7.0">
            <Headers>
              <Header name="User-Agent" value="Mozilla/4.0 (compatible; MSIE 7.0; Windows NT 5.1)" />
              <Header name="Accept" value="*/*" />
              <Header name="Accept-Language" value="{{$IEAcceptLanguage}}" />
              <Header name="Accept-Encoding" value="GZIP" />
            </Headers>
          </Browser>
        </WebTestRunConfiguration>
      </TestTypeSpecific>
      <AgentRule name="LocalMachineDefaultRole">
      </AgentRule>
    </Execution>
  </TestSettings>
  <Times creation="2019-04-05T23:26:11.0972193+07:00" queuing="2019-04-05T23:26:11.4882417+07:00" start="2019-04-05T23:26:11.6012481+07:00" finish="2019-04-05T23:26:13.1353359+07:00" />
  <ResultSummary outcome="Failed">
    <Counters total="4" executed="4" passed="2" error="0" failed="2" timeout="0" aborted="0" inconclusive="0" passedButRunAborted="0" notRunnable="0" notExecuted="0" disconnected="0" warning="0" completed="0" inProgress="0" pending="0" />
  </ResultSummary>
  <TestDefinitions>
    <UnitTest name="TestQuanLyThucAn" storage="d:\testlogin\testlogin\bin\debug\testlogin.dll" id="df7e0222-d733-2d06-3b64-bdc6c3c19ed5">
      <DeploymentItems>
        <DeploymentItem filename="TestLogin\TestData.csv" />
      </DeploymentItems>
      <Execution id="01fd5028-d03c-44c7-8b5d-d22da4f6ae08" />
      <TestMethod codeBase="D:/TestLogin/TestLogin/bin/Debug/TestLogin.DLL" adapterTypeName="Microsoft.VisualStudio.TestTools.TestTypes.Unit.UnitTestAdapter, Microsoft.VisualStudio.QualityTools.Tips.UnitTest.Adapter, Version=10.0.0.0, Culture=neutral, PublicKeyToken=b03f5f7f11d50a3a" className="TestLogin.UnitTest1, TestLogin, Version=1.0.0.0, Culture=neutral, PublicKeyToken=null" name="TestQuanLyThucAn" />
      <DataSource connectionString="|DataDirectory|\TestData.csv" providerInvariantName="Microsoft.VisualStudio.TestTools.DataSource.CSV" tableName="TestData#csv" />
    </UnitTest>
  </TestDefinitions>
  <TestLists>
    <TestList name="Results Not in a List" id="8c84fa94-04c1-424b-9868-57a2d4851a1d" />
    <TestList name="All Loaded Results" id="19431567-8539-422a-85d7-44ee4e166bda" />
  </TestLists>
  <TestEntries>
    <TestEntry testId="df7e0222-d733-2d06-3b64-bdc6c3c19ed5" executionId="01fd5028-d03c-44c7-8b5d-d22da4f6ae08" testListId="8c84fa94-04c1-424b-9868-57a2d4851a1d" />
  </TestEntries>
  <Results>
    <UnitTestResult executionId="01fd5028-d03c-44c7-8b5d-d22da4f6ae08" testId="df7e0222-d733-2d06-3b64-bdc6c3c19ed5" testName="TestQuanLyThucAn" computerName="0JC5E4J89IIGSFK" duration="00:00:00.7484192" startTime="2019-04-05T23:26:11.6172490+07:00" endTime="2019-04-05T23:26:13.0413305+07:00" testType="13cdc9d9-ddb5-4fa4-a97d-d965ccfc6d4b" outcome="Failed" testListId="8c84fa94-04c1-424b-9868-57a2d4851a1d" relativeResultsDirectory="01fd5028-d03c-44c7-8b5d-d22da4f6ae08" resultType="DataDrivenTest">
      <Counters error="0" failed="1" timeout="0" aborted="0" inconclusive="0" passedButRunAborted="0" notRunnable="0" notExecuted="0" disconnected="0" warning="0" passed="2" completed="0" inProgress="0" pending="0" />
      <InnerResults>
        <UnitTestResult executionId="58479b62-1b62-4414-9648-541244ad7f37" parentExecutionId="01fd5028-d03c-44c7-8b5d-d22da4f6ae08" testId="df7e0222-d733-2d06-3b64-bdc6c3c19ed5" testName="TestQuanLyThucAn" computerName="0JC5E4J89IIGSFK" duration="00:00:00.2222813" startTime="2019-04-05T23:26:12.7783154+07:00" endTime="2019-04-05T23:26:13.0113288+07:00" testType="13cdc9d9-ddb5-4fa4-a97d-d965ccfc6d4b" outcome="Failed" testListId="8c84fa94-04c1-424b-9868-57a2d4851a1d" relativeResultsDirectory="01fd5028-d03c-44c7-8b5d-d22da4f6ae08" dataRowInfo="0" resultType="DataDrivenDataRow">
          <Output>
            <ErrorInfo>
              <Message>Assert.AreEqual failed. Expected:&lt;False&gt;. Actual:&lt;True&gt;. </Message>
              <StackTrace>   at TestLogin.UnitTest1.TestQuanLyThucAn() in D:\TestLogin\TestLogin\UnitTest1.cs:line 56
</StackTrace>
            </ErrorInfo>
          </Output>
        </UnitTestResult>
        <UnitTestResult executionId="37bd09ce-4d08-408b-b8bf-cc02074b87e5" parentExecutionId="01fd5028-d03c-44c7-8b5d-d22da4f6ae08" testId="df7e0222-d733-2d06-3b64-bdc6c3c19ed5" testName="TestQuanLyThucAn" computerName="0JC5E4J89IIGSFK" duration="00:00:00.0025905" startTime="2019-04-05T23:26:13.0113288+07:00" endTime="2019-04-05T23:26:13.0133289+07:00" testType="13cdc9d9-ddb5-4fa4-a97d-d965ccfc6d4b" outcome="Passed" testListId="8c84fa94-04c1-424b-9868-57a2d4851a1d" relativeResultsDirectory="01fd5028-d03c-44c7-8b5d-d22da4f6ae08" dataRowInfo="1" resultType="DataDrivenDataRow" />
        <UnitTestResult executionId="77ffabc1-3535-42dc-b728-e785a8b3a188" parentExecutionId="01fd5028-d03c-44c7-8b5d-d22da4f6ae08" testId="df7e0222-d733-2d06-3b64-bdc6c3c19ed5" testName="TestQuanLyThucAn" computerName="0JC5E4J89IIGSFK" duration="00:00:00.0009352" startTime="2019-04-05T23:26:13.0133289+07:00" endTime="2019-04-05T23:26:13.0143289+07:00" testType="13cdc9d9-ddb5-4fa4-a97d-d965ccfc6d4b" outcome="Passed" testListId="8c84fa94-04c1-424b-9868-57a2d4851a1d" relativeResultsDirectory="01fd5028-d03c-44c7-8b5d-d22da4f6ae08" dataRowInfo="2" resultType="DataDrivenDataRow" />
      </InnerResults>
    </UnitTestResult>
  </Results>
</TestRun>