<?xml version="1.0" encoding="UTF-8"?>
<TestRun id="b9ca1419-d3a0-4079-894b-b71e14ae049c" name="Administrator@0JC5E4J89IIGSFK 2019-04-05 23:19:26" runUser="0JC5E4J89IIGSFK\Administrator" xmlns="http://microsoft.com/schemas/VisualStudio/TeamTest/2010">
  <TestSettings name="Local" id="28d37e11-905d-48f5-94df-ac22f24a05af">
    <Description>These are default test settings for a local test run.</Description>
    <Deployment runDeploymentRoot="Administrator_0JC5E4J89IIGSFK 2019-04-05 23_19_26">
      <DeploymentItem filename="C:\Users\Administrator\Desktop\QuanLyQuanCF\QuanLyQuanCF\bin\Debug\QuanLyQuanCF.exe" />
    </Deployment>
    <Execution>
      <TestTypeSpecific>
        <UnitTestRunConfig testTypeId="13cdc9d9-ddb5-4fa4-a97d-d965ccfc6d4b">
          <AssemblyResolution>
            <TestDirectory useLoadContext="true" />
          </AssemblyResolution>
        </UnitTestRunConfig>
        <WebTestRunConfiguration testTypeId="4e7599fa-5ecb-43e9-a887-cd63cf72d207">
          <Browser name="Internet Explorer 7.0">
            <Headers>
              <Header name="User-Agent" value="Mozilla/4.0 (compatible; MSIE 7.0; Windows NT 5.1)" />
              <Header name="Accept" value="*/*" />
              <Header name="Accept-Language" value="{{$IEAcceptLanguage}}" />
              <Header name="Accept-Encoding" value="GZIP" />
            </Headers>
          </Browser>
        </WebTestRunConfiguration>
      </TestTypeSpecific>
      <AgentRule name="LocalMachineDefaultRole">
      </AgentRule>
    </Execution>
  </TestSettings>
  <Times creation="2019-04-05T23:19:26.2800651+07:00" queuing="2019-04-05T23:19:31.6763737+07:00" start="2019-04-05T23:19:32.2184047+07:00" finish="2019-04-05T23:19:56.2777808+07:00" />
  <ResultSummary outcome="Error">
    <Counters total="7" executed="7" passed="6" error="0" failed="0" timeout="0" aborted="1" inconclusive="0" passedButRunAborted="0" notRunnable="0" notExecuted="0" disconnected="0" warning="0" completed="0" inProgress="0" pending="0" />
    <RunInfos>
      <RunInfo computerName="0JC5E4J89IIGSFK" outcome="Warning" timestamp="2019-04-05T23:19:28.7702075+07:00">
        <Text>Warning: Test Run deployment issue: Failed to get the file for deployment item 'TestQuanLyThucAn.csv\TestData.csv' specified by the test 'TestLogin.UnitTest1.TestQuanLyThucAn': System.IO.DirectoryNotFoundException: Could not find a part of the path 'D:\TestLogin\TestQuanLyThucAn.csv\TestData.csv'.</Text>
        <Exception>System.IO.DirectoryNotFoundException: Could not find a part of the path 'D:\TestLogin\TestQuanLyThucAn.csv\TestData.csv'.
   at System.IO.__Error.WinIOError(Int32 errorCode, String maybeFullPath)
   at System.IO.File.GetAttributes(String path)
   at Microsoft.VisualStudio.TestTools.Common.SingleFileProvider.GetFilePaths()
   at Microsoft.VisualStudio.TestTools.TestManagement.DeploymentCoverageItem.GetFiles(TestRunConfiguration runConfig)
   at Microsoft.VisualStudio.TestTools.TestManagement.DeploymentManager.DoDeployment(TestRun run, FileCopyService fileCopyService)</Exception>
      </RunInfo>
      <RunInfo computerName="0JC5E4J89IIGSFK" outcome="Error" timestamp="2019-04-05T23:19:56.2727806+07:00">
        <Text>Test host process exited unexpectedly.</Text>
      </RunInfo>
    </RunInfos>
  </ResultSummary>
  <TestDefinitions>
    <UnitTest name="TestQuanLyThucAn" storage="d:\testlogin\testlogin\bin\debug\testlogin.dll" id="df7e0222-d733-2d06-3b64-bdc6c3c19ed5">
      <DeploymentItems>
        <DeploymentItem filename="TestQuanLyThucAn.csv\TestData.csv" />
      </DeploymentItems>
      <Execution id="796ebdb3-e137-4d4e-8ecb-ae3e6ef60c17" />
      <TestMethod codeBase="D:/TestLogin/TestLogin/bin/Debug/TestLogin.DLL" adapterTypeName="Microsoft.VisualStudio.TestTools.TestTypes.Unit.UnitTestAdapter, Microsoft.VisualStudio.QualityTools.Tips.UnitTest.Adapter, Version=10.0.0.0, Culture=neutral, PublicKeyToken=b03f5f7f11d50a3a" className="TestLogin.UnitTest1, TestLogin, Version=1.0.0.0, Culture=neutral, PublicKeyToken=null" name="TestQuanLyThucAn" />
      <DataSource connectionString="|DataDirectory|\TestData.csv" providerInvariantName="Microsoft.VisualStudio.TestTools.DataSource.CSV" tableName="TestData#csv" />
    </UnitTest>
    <UnitTest name="TestLogin" storage="d:\testlogin\testlogin\bin\debug\testlogin.dll" id="8276a061-e630-7f55-6667-ffdda0dec24b">
      <DeploymentItems>
        <DeploymentItem filename="TestLogin\TestData.csv" />
      </DeploymentItems>
      <Execution id="2b783150-7c8f-4b9a-9763-ff10a4aea0b9" />
      <TestMethod codeBase="D:/TestLogin/TestLogin/bin/Debug/TestLogin.DLL" adapterTypeName="Microsoft.VisualStudio.TestTools.TestTypes.Unit.UnitTestAdapter, Microsoft.VisualStudio.QualityTools.Tips.UnitTest.Adapter, Version=10.0.0.0, Culture=neutral, PublicKeyToken=b03f5f7f11d50a3a" className="TestLogin.UnitTest1, TestLogin, Version=1.0.0.0, Culture=neutral, PublicKeyToken=null" name="TestLogin" />
      <DataSource connectionString="|DataDirectory|\TestData.csv" providerInvariantName="Microsoft.VisualStudio.TestTools.DataSource.CSV" tableName="TestData#csv" />
    </UnitTest>
  </TestDefinitions>
  <TestLists>
    <TestList name="Results Not in a List" id="8c84fa94-04c1-424b-9868-57a2d4851a1d" />
    <TestList name="All Loaded Results" id="19431567-8539-422a-85d7-44ee4e166bda" />
  </TestLists>
  <TestEntries>
    <TestEntry testId="8276a061-e630-7f55-6667-ffdda0dec24b" executionId="2b783150-7c8f-4b9a-9763-ff10a4aea0b9" testListId="8c84fa94-04c1-424b-9868-57a2d4851a1d" />
    <TestEntry testId="df7e0222-d733-2d06-3b64-bdc6c3c19ed5" executionId="796ebdb3-e137-4d4e-8ecb-ae3e6ef60c17" testListId="8c84fa94-04c1-424b-9868-57a2d4851a1d" />
  </TestEntries>
  <Results>
    <UnitTestResult executionId="2b783150-7c8f-4b9a-9763-ff10a4aea0b9" testId="8276a061-e630-7f55-6667-ffdda0dec24b" testName="TestLogin" computerName="0JC5E4J89IIGSFK" duration="00:00:02.5938491" startTime="2019-04-05T23:19:32.5264223+07:00" endTime="2019-04-05T23:19:37.9287313+07:00" testType="13cdc9d9-ddb5-4fa4-a97d-d965ccfc6d4b" outcome="Passed" testListId="8c84fa94-04c1-424b-9868-57a2d4851a1d" relativeResultsDirectory="2b783150-7c8f-4b9a-9763-ff10a4aea0b9" resultType="DataDrivenTest">
      <Counters error="0" failed="0" timeout="0" aborted="0" inconclusive="0" passedButRunAborted="0" notRunnable="0" notExecuted="0" disconnected="0" warning="0" passed="5" completed="0" inProgress="0" pending="0" />
      <InnerResults>
        <UnitTestResult executionId="84dc0795-b573-4205-9896-975ba9d9e99e" parentExecutionId="2b783150-7c8f-4b9a-9763-ff10a4aea0b9" testId="8276a061-e630-7f55-6667-ffdda0dec24b" testName="TestLogin" computerName="0JC5E4J89IIGSFK" duration="00:00:01.0431370" startTime="2019-04-05T23:19:36.3646419+07:00" endTime="2019-04-05T23:19:37.4147019+07:00" testType="13cdc9d9-ddb5-4fa4-a97d-d965ccfc6d4b" outcome="Passed" testListId="8c84fa94-04c1-424b-9868-57a2d4851a1d" relativeResultsDirectory="2b783150-7c8f-4b9a-9763-ff10a4aea0b9" dataRowInfo="0" resultType="DataDrivenDataRow" />
        <UnitTestResult executionId="1268757d-ff0e-4621-8bac-6b87c4cd9737" parentExecutionId="2b783150-7c8f-4b9a-9763-ff10a4aea0b9" testId="8276a061-e630-7f55-6667-ffdda0dec24b" testName="TestLogin" computerName="0JC5E4J89IIGSFK" duration="00:00:00.1301235" startTime="2019-04-05T23:19:37.4157020+07:00" endTime="2019-04-05T23:19:37.5457094+07:00" testType="13cdc9d9-ddb5-4fa4-a97d-d965ccfc6d4b" outcome="Passed" testListId="8c84fa94-04c1-424b-9868-57a2d4851a1d" relativeResultsDirectory="2b783150-7c8f-4b9a-9763-ff10a4aea0b9" dataRowInfo="1" resultType="DataDrivenDataRow" />
        <UnitTestResult executionId="98b3de31-52ba-4424-a4f7-c240a06a8f10" parentExecutionId="2b783150-7c8f-4b9a-9763-ff10a4aea0b9" testId="8276a061-e630-7f55-6667-ffdda0dec24b" testName="TestLogin" computerName="0JC5E4J89IIGSFK" duration="00:00:00.0797635" startTime="2019-04-05T23:19:37.5457094+07:00" endTime="2019-04-05T23:19:37.6257140+07:00" testType="13cdc9d9-ddb5-4fa4-a97d-d965ccfc6d4b" outcome="Passed" testListId="8c84fa94-04c1-424b-9868-57a2d4851a1d" relativeResultsDirectory="2b783150-7c8f-4b9a-9763-ff10a4aea0b9" dataRowInfo="2" resultType="DataDrivenDataRow" />
        <UnitTestResult executionId="eb5e28b9-a0fc-4345-a89c-cbc339edaace" parentExecutionId="2b783150-7c8f-4b9a-9763-ff10a4aea0b9" testId="8276a061-e630-7f55-6667-ffdda0dec24b" testName="TestLogin" computerName="0JC5E4J89IIGSFK" duration="00:00:00.0700302" startTime="2019-04-05T23:19:37.6257140+07:00" endTime="2019-04-05T23:19:37.6957180+07:00" testType="13cdc9d9-ddb5-4fa4-a97d-d965ccfc6d4b" outcome="Passed" testListId="8c84fa94-04c1-424b-9868-57a2d4851a1d" relativeResultsDirectory="2b783150-7c8f-4b9a-9763-ff10a4aea0b9" dataRowInfo="3" resultType="DataDrivenDataRow" />
        <UnitTestResult executionId="65c57e8d-9089-4f0b-b4dc-4b177250110b" parentExecutionId="2b783150-7c8f-4b9a-9763-ff10a4aea0b9" testId="8276a061-e630-7f55-6667-ffdda0dec24b" testName="TestLogin" computerName="0JC5E4J89IIGSFK" duration="00:00:00.1044637" startTime="2019-04-05T23:19:37.6957180+07:00" endTime="2019-04-05T23:19:37.8007240+07:00" testType="13cdc9d9-ddb5-4fa4-a97d-d965ccfc6d4b" outcome="Passed" testListId="8c84fa94-04c1-424b-9868-57a2d4851a1d" relativeResultsDirectory="2b783150-7c8f-4b9a-9763-ff10a4aea0b9" dataRowInfo="4" resultType="DataDrivenDataRow" />
      </InnerResults>
    </UnitTestResult>
    <UnitTestResult executionId="796ebdb3-e137-4d4e-8ecb-ae3e6ef60c17" testId="df7e0222-d733-2d06-3b64-bdc6c3c19ed5" testName="TestQuanLyThucAn" computerName="0JC5E4J89IIGSFK" duration="00:00:18.2950464" startTime="2019-04-05T23:19:37.9827344+07:00" endTime="2019-04-05T23:19:56.2777808+07:00" testType="13cdc9d9-ddb5-4fa4-a97d-d965ccfc6d4b" outcome="Aborted" testListId="8c84fa94-04c1-424b-9868-57a2d4851a1d" relativeResultsDirectory="796ebdb3-e137-4d4e-8ecb-ae3e6ef60c17">
    </UnitTestResult>
  </Results>
</TestRun>