<?xml version="1.0" encoding="UTF-8"?>
<TestRun id="b8b84cac-c841-43d4-a24b-aea9fd1815a9" name="Administrator@0JC5E4J89IIGSFK 2019-04-05 23:35:19" runUser="0JC5E4J89IIGSFK\Administrator" xmlns="http://microsoft.com/schemas/VisualStudio/TeamTest/2010">
  <TestSettings name="Local" id="28d37e11-905d-48f5-94df-ac22f24a05af">
    <Description>These are default test settings for a local test run.</Description>
    <Deployment runDeploymentRoot="Administrator_0JC5E4J89IIGSFK 2019-04-05 23_35_19">
      <DeploymentItem filename="C:\Users\Administrator\Desktop\QuanLyQuanCF\QuanLyQuanCF\bin\Debug\QuanLyQuanCF.exe" />
    </Deployment>
    <Execution>
      <TestTypeSpecific>
        <UnitTestRunConfig testTypeId="13cdc9d9-ddb5-4fa4-a97d-d965ccfc6d4b">
          <AssemblyResolution>
            <TestDirectory useLoadContext="true" />
          </AssemblyResolution>
        </UnitTestRunConfig>
        <WebTestRunConfiguration testTypeId="4e7599fa-5ecb-43e9-a887-cd63cf72d207">
          <Browser name="Internet Explorer 7.0">
            <Headers>
              <Header name="User-Agent" value="Mozilla/4.0 (compatible; MSIE 7.0; Windows NT 5.1)" />
              <Header name="Accept" value="*/*" />
              <Header name="Accept-Language" value="{{$IEAcceptLanguage}}" />
              <Header name="Accept-Encoding" value="GZIP" />
            </Headers>
          </Browser>
        </WebTestRunConfiguration>
      </TestTypeSpecific>
      <AgentRule name="LocalMachineDefaultRole">
      </AgentRule>
    </Execution>
  </TestSettings>
  <Times creation="2019-04-05T23:35:19.8846081+07:00" queuing="2019-04-05T23:35:20.0626183+07:00" start="2019-04-05T23:35:20.1106211+07:00" finish="2019-04-05T23:35:21.0706760+07:00" />
  <ResultSummary outcome="Completed">
    <Counters total="4" executed="4" passed="4" error="0" failed="0" timeout="0" aborted="0" inconclusive="0" passedButRunAborted="0" notRunnable="0" notExecuted="0" disconnected="0" warning="0" completed="0" inProgress="0" pending="0" />
  </ResultSummary>
  <TestDefinitions>
    <UnitTest name="TestQuanLyThucAn" storage="d:\testlogin\testlogin\bin\debug\testlogin.dll" id="df7e0222-d733-2d06-3b64-bdc6c3c19ed5">
      <DeploymentItems>
        <DeploymentItem filename="TestLogin\TestQuanLyThucAn.csv" />
      </DeploymentItems>
      <Execution id="801a62d3-3d1e-46ff-8f55-8ad2b0cf8673" />
      <TestMethod codeBase="D:/TestLogin/TestLogin/bin/Debug/TestLogin.DLL" adapterTypeName="Microsoft.VisualStudio.TestTools.TestTypes.Unit.UnitTestAdapter, Microsoft.VisualStudio.QualityTools.Tips.UnitTest.Adapter, Version=10.0.0.0, Culture=neutral, PublicKeyToken=b03f5f7f11d50a3a" className="TestLogin.UnitTest1, TestLogin, Version=1.0.0.0, Culture=neutral, PublicKeyToken=null" name="TestQuanLyThucAn" />
      <DataSource connectionString="|DataDirectory|\TestQuanLyThucAn.csv" providerInvariantName="Microsoft.VisualStudio.TestTools.DataSource.CSV" tableName="TestQuanLyThucAn#csv" />
    </UnitTest>
  </TestDefinitions>
  <TestLists>
    <TestList name="Results Not in a List" id="8c84fa94-04c1-424b-9868-57a2d4851a1d" />
    <TestList name="All Loaded Results" id="19431567-8539-422a-85d7-44ee4e166bda" />
  </TestLists>
  <TestEntries>
    <TestEntry testId="df7e0222-d733-2d06-3b64-bdc6c3c19ed5" executionId="801a62d3-3d1e-46ff-8f55-8ad2b0cf8673" testListId="8c84fa94-04c1-424b-9868-57a2d4851a1d" />
  </TestEntries>
  <Results>
    <UnitTestResult executionId="801a62d3-3d1e-46ff-8f55-8ad2b0cf8673" testId="df7e0222-d733-2d06-3b64-bdc6c3c19ed5" testName="TestQuanLyThucAn" computerName="0JC5E4J89IIGSFK" duration="00:00:00.3820207" startTime="2019-04-05T23:35:20.1146213+07:00" endTime="2019-04-05T23:35:20.9576695+07:00" testType="13cdc9d9-ddb5-4fa4-a97d-d965ccfc6d4b" outcome="Passed" testListId="8c84fa94-04c1-424b-9868-57a2d4851a1d" relativeResultsDirectory="801a62d3-3d1e-46ff-8f55-8ad2b0cf8673" resultType="DataDrivenTest">
      <Counters error="0" failed="0" timeout="0" aborted="0" inconclusive="0" passedButRunAborted="0" notRunnable="0" notExecuted="0" disconnected="0" warning="0" passed="3" completed="0" inProgress="0" pending="0" />
      <InnerResults>
        <UnitTestResult executionId="12c3e4e3-0503-4f15-9a90-2507088d1642" parentExecutionId="801a62d3-3d1e-46ff-8f55-8ad2b0cf8673" testId="df7e0222-d733-2d06-3b64-bdc6c3c19ed5" testName="TestQuanLyThucAn" computerName="0JC5E4J89IIGSFK" duration="00:00:00.1099661" startTime="2019-04-05T23:35:20.8046608+07:00" endTime="2019-04-05T23:35:20.9226675+07:00" testType="13cdc9d9-ddb5-4fa4-a97d-d965ccfc6d4b" outcome="Passed" testListId="8c84fa94-04c1-424b-9868-57a2d4851a1d" relativeResultsDirectory="801a62d3-3d1e-46ff-8f55-8ad2b0cf8673" dataRowInfo="0" resultType="DataDrivenDataRow" />
        <UnitTestResult executionId="e11a24c1-39bc-4d80-9619-4346104d3dfe" parentExecutionId="801a62d3-3d1e-46ff-8f55-8ad2b0cf8673" testId="df7e0222-d733-2d06-3b64-bdc6c3c19ed5" testName="TestQuanLyThucAn" computerName="0JC5E4J89IIGSFK" duration="00:00:00.0055380" startTime="2019-04-05T23:35:20.9226675+07:00" endTime="2019-04-05T23:35:20.9286679+07:00" testType="13cdc9d9-ddb5-4fa4-a97d-d965ccfc6d4b" outcome="Passed" testListId="8c84fa94-04c1-424b-9868-57a2d4851a1d" relativeResultsDirectory="801a62d3-3d1e-46ff-8f55-8ad2b0cf8673" dataRowInfo="1" resultType="DataDrivenDataRow" />
        <UnitTestResult executionId="ed52d808-2ea6-4162-9e56-975821eddb0f" parentExecutionId="801a62d3-3d1e-46ff-8f55-8ad2b0cf8673" testId="df7e0222-d733-2d06-3b64-bdc6c3c19ed5" testName="TestQuanLyThucAn" computerName="0JC5E4J89IIGSFK" duration="00:00:00.0038945" startTime="2019-04-05T23:35:20.9286679+07:00" endTime="2019-04-05T23:35:20.9316680+07:00" testType="13cdc9d9-ddb5-4fa4-a97d-d965ccfc6d4b" outcome="Passed" testListId="8c84fa94-04c1-424b-9868-57a2d4851a1d" relativeResultsDirectory="801a62d3-3d1e-46ff-8f55-8ad2b0cf8673" dataRowInfo="2" resultType="DataDrivenDataRow" />
      </InnerResults>
    </UnitTestResult>
  </Results>
</TestRun>