<?xml version="1.0" encoding="UTF-8"?>
<TestRun id="bbba0920-ea49-4279-86c1-06cdc1ca32b9" name="Administrator@0JC5E4J89IIGSFK 2019-04-05 23:55:14" runUser="0JC5E4J89IIGSFK\Administrator" xmlns="http://microsoft.com/schemas/VisualStudio/TeamTest/2010">
  <TestSettings name="Local" id="28d37e11-905d-48f5-94df-ac22f24a05af">
    <Description>These are default test settings for a local test run.</Description>
    <Deployment runDeploymentRoot="Administrator_0JC5E4J89IIGSFK 2019-04-05 23_55_14">
      <DeploymentItem filename="C:\Users\Administrator\Desktop\QuanLyQuanCF\QuanLyQuanCF\bin\Debug\QuanLyQuanCF.exe" />
    </Deployment>
    <Execution>
      <TestTypeSpecific>
        <UnitTestRunConfig testTypeId="13cdc9d9-ddb5-4fa4-a97d-d965ccfc6d4b">
          <AssemblyResolution>
            <TestDirectory useLoadContext="true" />
          </AssemblyResolution>
        </UnitTestRunConfig>
        <WebTestRunConfiguration testTypeId="4e7599fa-5ecb-43e9-a887-cd63cf72d207">
          <Browser name="Internet Explorer 7.0">
            <Headers>
              <Header name="User-Agent" value="Mozilla/4.0 (compatible; MSIE 7.0; Windows NT 5.1)" />
              <Header name="Accept" value="*/*" />
              <Header name="Accept-Language" value="{{$IEAcceptLanguage}}" />
              <Header name="Accept-Encoding" value="GZIP" />
            </Headers>
          </Browser>
        </WebTestRunConfiguration>
      </TestTypeSpecific>
      <AgentRule name="LocalMachineDefaultRole">
      </AgentRule>
    </Execution>
  </TestSettings>
  <Times creation="2019-04-05T23:55:14.0099082+07:00" queuing="2019-04-05T23:55:14.2149199+07:00" start="2019-04-05T23:55:14.2389213+07:00" finish="2019-04-05T23:55:14.8149542+07:00" />
  <ResultSummary outcome="Completed">
    <Counters total="5" executed="5" passed="5" error="0" failed="0" timeout="0" aborted="0" inconclusive="0" passedButRunAborted="0" notRunnable="0" notExecuted="0" disconnected="0" warning="0" completed="0" inProgress="0" pending="0" />
  </ResultSummary>
  <TestDefinitions>
    <UnitTest name="TestXoaThucAn" storage="d:\testlogin\testlogin\bin\debug\testlogin.dll" id="c62e7c74-6642-f23f-3653-5a65dc00b9de">
      <DeploymentItems>
        <DeploymentItem filename="TestLogin\TestXoaThucAn.csv" />
      </DeploymentItems>
      <Execution id="25bcfca0-3d67-4614-8d7f-7995db2ff06f" />
      <TestMethod codeBase="D:/TestLogin/TestLogin/bin/Debug/TestLogin.DLL" adapterTypeName="Microsoft.VisualStudio.TestTools.TestTypes.Unit.UnitTestAdapter, Microsoft.VisualStudio.QualityTools.Tips.UnitTest.Adapter, Version=10.0.0.0, Culture=neutral, PublicKeyToken=b03f5f7f11d50a3a" className="TestLogin.UnitTest1, TestLogin, Version=1.0.0.0, Culture=neutral, PublicKeyToken=null" name="TestXoaThucAn" />
      <DataSource connectionString="|DataDirectory|\TestXoaThucAn.csv" providerInvariantName="Microsoft.VisualStudio.TestTools.DataSource.CSV" tableName="TestXoaThucAn#csv" />
    </UnitTest>
  </TestDefinitions>
  <TestLists>
    <TestList name="Results Not in a List" id="8c84fa94-04c1-424b-9868-57a2d4851a1d" />
    <TestList name="All Loaded Results" id="19431567-8539-422a-85d7-44ee4e166bda" />
  </TestLists>
  <TestEntries>
    <TestEntry testId="c62e7c74-6642-f23f-3653-5a65dc00b9de" executionId="25bcfca0-3d67-4614-8d7f-7995db2ff06f" testListId="8c84fa94-04c1-424b-9868-57a2d4851a1d" />
  </TestEntries>
  <Results>
    <UnitTestResult executionId="25bcfca0-3d67-4614-8d7f-7995db2ff06f" testId="c62e7c74-6642-f23f-3653-5a65dc00b9de" testName="TestXoaThucAn" computerName="0JC5E4J89IIGSFK" duration="00:00:00.2513368" startTime="2019-04-05T23:55:14.2509220+07:00" endTime="2019-04-05T23:55:14.7919529+07:00" testType="13cdc9d9-ddb5-4fa4-a97d-d965ccfc6d4b" outcome="Passed" testListId="8c84fa94-04c1-424b-9868-57a2d4851a1d" relativeResultsDirectory="25bcfca0-3d67-4614-8d7f-7995db2ff06f" resultType="DataDrivenTest">
      <Counters error="0" failed="0" timeout="0" aborted="0" inconclusive="0" passedButRunAborted="0" notRunnable="0" notExecuted="0" disconnected="0" warning="0" passed="4" completed="0" inProgress="0" pending="0" />
      <InnerResults>
        <UnitTestResult executionId="df239839-2c87-4b35-8f49-940e14323991" parentExecutionId="25bcfca0-3d67-4614-8d7f-7995db2ff06f" testId="c62e7c74-6642-f23f-3653-5a65dc00b9de" testName="TestXoaThucAn" computerName="0JC5E4J89IIGSFK" duration="00:00:00.0398665" startTime="2019-04-05T23:55:14.7189488+07:00" endTime="2019-04-05T23:55:14.7649514+07:00" testType="13cdc9d9-ddb5-4fa4-a97d-d965ccfc6d4b" outcome="Passed" testListId="8c84fa94-04c1-424b-9868-57a2d4851a1d" relativeResultsDirectory="25bcfca0-3d67-4614-8d7f-7995db2ff06f" dataRowInfo="0" resultType="DataDrivenDataRow" />
        <UnitTestResult executionId="95fc68a3-f9d1-4686-bbf4-88683cd7d67d" parentExecutionId="25bcfca0-3d67-4614-8d7f-7995db2ff06f" testId="c62e7c74-6642-f23f-3653-5a65dc00b9de" testName="TestXoaThucAn" computerName="0JC5E4J89IIGSFK" duration="00:00:00.0013509" startTime="2019-04-05T23:55:14.7649514+07:00" endTime="2019-04-05T23:55:14.7659514+07:00" testType="13cdc9d9-ddb5-4fa4-a97d-d965ccfc6d4b" outcome="Passed" testListId="8c84fa94-04c1-424b-9868-57a2d4851a1d" relativeResultsDirectory="25bcfca0-3d67-4614-8d7f-7995db2ff06f" dataRowInfo="1" resultType="DataDrivenDataRow" />
        <UnitTestResult executionId="34e55c97-47c1-4b51-bd73-658c7a39df5e" parentExecutionId="25bcfca0-3d67-4614-8d7f-7995db2ff06f" testId="c62e7c74-6642-f23f-3653-5a65dc00b9de" testName="TestXoaThucAn" computerName="0JC5E4J89IIGSFK" duration="00:00:00.0010434" startTime="2019-04-05T23:55:14.7659514+07:00" endTime="2019-04-05T23:55:14.7669515+07:00" testType="13cdc9d9-ddb5-4fa4-a97d-d965ccfc6d4b" outcome="Passed" testListId="8c84fa94-04c1-424b-9868-57a2d4851a1d" relativeResultsDirectory="25bcfca0-3d67-4614-8d7f-7995db2ff06f" dataRowInfo="2" resultType="DataDrivenDataRow" />
        <UnitTestResult executionId="fbb06533-363d-4720-a0cb-c4afdb91ce66" parentExecutionId="25bcfca0-3d67-4614-8d7f-7995db2ff06f" testId="c62e7c74-6642-f23f-3653-5a65dc00b9de" testName="TestXoaThucAn" computerName="0JC5E4J89IIGSFK" duration="00:00:00.0015714" startTime="2019-04-05T23:55:14.7669515+07:00" endTime="2019-04-05T23:55:14.7689516+07:00" testType="13cdc9d9-ddb5-4fa4-a97d-d965ccfc6d4b" outcome="Passed" testListId="8c84fa94-04c1-424b-9868-57a2d4851a1d" relativeResultsDirectory="25bcfca0-3d67-4614-8d7f-7995db2ff06f" dataRowInfo="3" resultType="DataDrivenDataRow" />
      </InnerResults>
    </UnitTestResult>
  </Results>
</TestRun>