<?xml version="1.0" encoding="UTF-8"?>
<TestRun id="2d8668b6-4795-45f3-9c41-1da35f79dc6d" name="Administrator@0JC5E4J89IIGSFK 2019-04-05 23:47:56" runUser="0JC5E4J89IIGSFK\Administrator" xmlns="http://microsoft.com/schemas/VisualStudio/TeamTest/2010">
  <TestSettings name="Local" id="28d37e11-905d-48f5-94df-ac22f24a05af">
    <Description>These are default test settings for a local test run.</Description>
    <Deployment runDeploymentRoot="Administrator_0JC5E4J89IIGSFK 2019-04-05 23_47_56">
      <DeploymentItem filename="C:\Users\Administrator\Desktop\QuanLyQuanCF\QuanLyQuanCF\bin\Debug\QuanLyQuanCF.exe" />
    </Deployment>
    <Execution>
      <TestTypeSpecific>
        <UnitTestRunConfig testTypeId="13cdc9d9-ddb5-4fa4-a97d-d965ccfc6d4b">
          <AssemblyResolution>
            <TestDirectory useLoadContext="true" />
          </AssemblyResolution>
        </UnitTestRunConfig>
        <WebTestRunConfiguration testTypeId="4e7599fa-5ecb-43e9-a887-cd63cf72d207">
          <Browser name="Internet Explorer 7.0">
            <Headers>
              <Header name="User-Agent" value="Mozilla/4.0 (compatible; MSIE 7.0; Windows NT 5.1)" />
              <Header name="Accept" value="*/*" />
              <Header name="Accept-Language" value="{{$IEAcceptLanguage}}" />
              <Header name="Accept-Encoding" value="GZIP" />
            </Headers>
          </Browser>
        </WebTestRunConfiguration>
      </TestTypeSpecific>
      <AgentRule name="LocalMachineDefaultRole">
      </AgentRule>
    </Execution>
  </TestSettings>
  <Times creation="2019-04-05T23:47:56.2008670+07:00" queuing="2019-04-05T23:47:56.3108732+07:00" start="2019-04-05T23:47:56.3308744+07:00" finish="2019-04-05T23:47:57.3809344+07:00" />
  <ResultSummary outcome="Failed">
    <Counters total="16" executed="16" passed="11" error="0" failed="5" timeout="0" aborted="0" inconclusive="0" passedButRunAborted="0" notRunnable="0" notExecuted="0" disconnected="0" warning="0" completed="0" inProgress="0" pending="0" />
  </ResultSummary>
  <TestDefinitions>
    <UnitTest name="TestQuanLyThucAn" storage="d:\testlogin\testlogin\bin\debug\testlogin.dll" id="df7e0222-d733-2d06-3b64-bdc6c3c19ed5">
      <DeploymentItems>
        <DeploymentItem filename="TestLogin\TestQuanLyThucAn.csv" />
      </DeploymentItems>
      <Execution id="adfa1603-c5b4-4e2a-9552-ead7d52f508c" />
      <TestMethod codeBase="D:/TestLogin/TestLogin/bin/Debug/TestLogin.DLL" adapterTypeName="Microsoft.VisualStudio.TestTools.TestTypes.Unit.UnitTestAdapter, Microsoft.VisualStudio.QualityTools.Tips.UnitTest.Adapter, Version=10.0.0.0, Culture=neutral, PublicKeyToken=b03f5f7f11d50a3a" className="TestLogin.UnitTest1, TestLogin, Version=1.0.0.0, Culture=neutral, PublicKeyToken=null" name="TestQuanLyThucAn" />
      <DataSource connectionString="|DataDirectory|\TestQuanLyThucAn.csv" providerInvariantName="Microsoft.VisualStudio.TestTools.DataSource.CSV" tableName="TestQuanLyThucAn#csv" />
    </UnitTest>
    <UnitTest name="TestXoaThucAn" storage="d:\testlogin\testlogin\bin\debug\testlogin.dll" id="c62e7c74-6642-f23f-3653-5a65dc00b9de">
      <DeploymentItems>
        <DeploymentItem filename="TestLogin\TestXoaThucAn.csv" />
      </DeploymentItems>
      <Execution id="8d5976c8-8098-411a-9d7a-f96d8bd1650c" />
      <TestMethod codeBase="D:/TestLogin/TestLogin/bin/Debug/TestLogin.DLL" adapterTypeName="Microsoft.VisualStudio.TestTools.TestTypes.Unit.UnitTestAdapter, Microsoft.VisualStudio.QualityTools.Tips.UnitTest.Adapter, Version=10.0.0.0, Culture=neutral, PublicKeyToken=b03f5f7f11d50a3a" className="TestLogin.UnitTest1, TestLogin, Version=1.0.0.0, Culture=neutral, PublicKeyToken=null" name="TestXoaThucAn" />
      <DataSource connectionString="|DataDirectory|\TestXoaThucAn.csv" providerInvariantName="Microsoft.VisualStudio.TestTools.DataSource.CSV" tableName="TestXoaThucAn#csv" />
    </UnitTest>
    <UnitTest name="TestLogin" storage="d:\testlogin\testlogin\bin\debug\testlogin.dll" id="8276a061-e630-7f55-6667-ffdda0dec24b">
      <DeploymentItems>
        <DeploymentItem filename="TestLogin\TestData.csv" />
      </DeploymentItems>
      <Execution id="8800b5f1-3c93-4c0c-afae-df09fc5f85dc" />
      <TestMethod codeBase="D:/TestLogin/TestLogin/bin/Debug/TestLogin.DLL" adapterTypeName="Microsoft.VisualStudio.TestTools.TestTypes.Unit.UnitTestAdapter, Microsoft.VisualStudio.QualityTools.Tips.UnitTest.Adapter, Version=10.0.0.0, Culture=neutral, PublicKeyToken=b03f5f7f11d50a3a" className="TestLogin.UnitTest1, TestLogin, Version=1.0.0.0, Culture=neutral, PublicKeyToken=null" name="TestLogin" />
      <DataSource connectionString="|DataDirectory|\TestData.csv" providerInvariantName="Microsoft.VisualStudio.TestTools.DataSource.CSV" tableName="TestData#csv" />
    </UnitTest>
  </TestDefinitions>
  <TestLists>
    <TestList name="Results Not in a List" id="8c84fa94-04c1-424b-9868-57a2d4851a1d" />
    <TestList name="All Loaded Results" id="19431567-8539-422a-85d7-44ee4e166bda" />
  </TestLists>
  <TestEntries>
    <TestEntry testId="8276a061-e630-7f55-6667-ffdda0dec24b" executionId="8800b5f1-3c93-4c0c-afae-df09fc5f85dc" testListId="8c84fa94-04c1-424b-9868-57a2d4851a1d" />
    <TestEntry testId="c62e7c74-6642-f23f-3653-5a65dc00b9de" executionId="8d5976c8-8098-411a-9d7a-f96d8bd1650c" testListId="8c84fa94-04c1-424b-9868-57a2d4851a1d" />
    <TestEntry testId="df7e0222-d733-2d06-3b64-bdc6c3c19ed5" executionId="adfa1603-c5b4-4e2a-9552-ead7d52f508c" testListId="8c84fa94-04c1-424b-9868-57a2d4851a1d" />
  </TestEntries>
  <Results>
    <UnitTestResult executionId="8800b5f1-3c93-4c0c-afae-df09fc5f85dc" testId="8276a061-e630-7f55-6667-ffdda0dec24b" testName="TestLogin" computerName="0JC5E4J89IIGSFK" duration="00:00:00.3061731" startTime="2019-04-05T23:47:56.3408750+07:00" endTime="2019-04-05T23:47:56.9339089+07:00" testType="13cdc9d9-ddb5-4fa4-a97d-d965ccfc6d4b" outcome="Passed" testListId="8c84fa94-04c1-424b-9868-57a2d4851a1d" relativeResultsDirectory="8800b5f1-3c93-4c0c-afae-df09fc5f85dc" resultType="DataDrivenTest">
      <Counters error="0" failed="0" timeout="0" aborted="0" inconclusive="0" passedButRunAborted="0" notRunnable="0" notExecuted="0" disconnected="0" warning="0" passed="5" completed="0" inProgress="0" pending="0" />
      <InnerResults>
        <UnitTestResult executionId="b638abac-881a-438b-aa3a-5a06e6398cbf" parentExecutionId="8800b5f1-3c93-4c0c-afae-df09fc5f85dc" testId="8276a061-e630-7f55-6667-ffdda0dec24b" testName="TestLogin" computerName="0JC5E4J89IIGSFK" duration="00:00:00.0839741" startTime="2019-04-05T23:47:56.8079017+07:00" endTime="2019-04-05T23:47:56.8979068+07:00" testType="13cdc9d9-ddb5-4fa4-a97d-d965ccfc6d4b" outcome="Passed" testListId="8c84fa94-04c1-424b-9868-57a2d4851a1d" relativeResultsDirectory="8800b5f1-3c93-4c0c-afae-df09fc5f85dc" dataRowInfo="0" resultType="DataDrivenDataRow" />
        <UnitTestResult executionId="3b021013-77f3-43b6-8a58-f0c19495430a" parentExecutionId="8800b5f1-3c93-4c0c-afae-df09fc5f85dc" testId="8276a061-e630-7f55-6667-ffdda0dec24b" testName="TestLogin" computerName="0JC5E4J89IIGSFK" duration="00:00:00.0023056" startTime="2019-04-05T23:47:56.8979068+07:00" endTime="2019-04-05T23:47:56.9009070+07:00" testType="13cdc9d9-ddb5-4fa4-a97d-d965ccfc6d4b" outcome="Passed" testListId="8c84fa94-04c1-424b-9868-57a2d4851a1d" relativeResultsDirectory="8800b5f1-3c93-4c0c-afae-df09fc5f85dc" dataRowInfo="1" resultType="DataDrivenDataRow" />
        <UnitTestResult executionId="3c46db81-97cd-4128-88f7-f64f93b7329b" parentExecutionId="8800b5f1-3c93-4c0c-afae-df09fc5f85dc" testId="8276a061-e630-7f55-6667-ffdda0dec24b" testName="TestLogin" computerName="0JC5E4J89IIGSFK" duration="00:00:00.0021111" startTime="2019-04-05T23:47:56.9009070+07:00" endTime="2019-04-05T23:47:56.9029071+07:00" testType="13cdc9d9-ddb5-4fa4-a97d-d965ccfc6d4b" outcome="Passed" testListId="8c84fa94-04c1-424b-9868-57a2d4851a1d" relativeResultsDirectory="8800b5f1-3c93-4c0c-afae-df09fc5f85dc" dataRowInfo="2" resultType="DataDrivenDataRow" />
        <UnitTestResult executionId="5836eb3d-dbeb-4a04-9db5-e260686ac0a2" parentExecutionId="8800b5f1-3c93-4c0c-afae-df09fc5f85dc" testId="8276a061-e630-7f55-6667-ffdda0dec24b" testName="TestLogin" computerName="0JC5E4J89IIGSFK" duration="00:00:00.0021561" startTime="2019-04-05T23:47:56.9029071+07:00" endTime="2019-04-05T23:47:56.9049072+07:00" testType="13cdc9d9-ddb5-4fa4-a97d-d965ccfc6d4b" outcome="Passed" testListId="8c84fa94-04c1-424b-9868-57a2d4851a1d" relativeResultsDirectory="8800b5f1-3c93-4c0c-afae-df09fc5f85dc" dataRowInfo="3" resultType="DataDrivenDataRow" />
        <UnitTestResult executionId="9e31d5ba-cf9c-4a7f-8c4f-d9b5aee5716e" parentExecutionId="8800b5f1-3c93-4c0c-afae-df09fc5f85dc" testId="8276a061-e630-7f55-6667-ffdda0dec24b" testName="TestLogin" computerName="0JC5E4J89IIGSFK" duration="00:00:00.0018412" startTime="2019-04-05T23:47:56.9049072+07:00" endTime="2019-04-05T23:47:56.9069073+07:00" testType="13cdc9d9-ddb5-4fa4-a97d-d965ccfc6d4b" outcome="Passed" testListId="8c84fa94-04c1-424b-9868-57a2d4851a1d" relativeResultsDirectory="8800b5f1-3c93-4c0c-afae-df09fc5f85dc" dataRowInfo="4" resultType="DataDrivenDataRow" />
      </InnerResults>
    </UnitTestResult>
    <UnitTestResult executionId="8d5976c8-8098-411a-9d7a-f96d8bd1650c" testId="c62e7c74-6642-f23f-3653-5a65dc00b9de" testName="TestXoaThucAn" computerName="0JC5E4J89IIGSFK" duration="00:00:00.2026398" startTime="2019-04-05T23:47:56.9359090+07:00" endTime="2019-04-05T23:47:57.1509213+07:00" testType="13cdc9d9-ddb5-4fa4-a97d-d965ccfc6d4b" outcome="Failed" testListId="8c84fa94-04c1-424b-9868-57a2d4851a1d" relativeResultsDirectory="8d5976c8-8098-411a-9d7a-f96d8bd1650c" resultType="DataDrivenTest">
      <Counters error="0" failed="4" timeout="0" aborted="0" inconclusive="0" passedButRunAborted="0" notRunnable="0" notExecuted="0" disconnected="0" warning="0" passed="0" completed="0" inProgress="0" pending="0" />
      <InnerResults>
        <UnitTestResult executionId="6830071c-c0d8-4803-89a9-d7069bd6676e" parentExecutionId="8d5976c8-8098-411a-9d7a-f96d8bd1650c" testId="c62e7c74-6642-f23f-3653-5a65dc00b9de" testName="TestXoaThucAn" computerName="0JC5E4J89IIGSFK" duration="00:00:00.0330119" startTime="2019-04-05T23:47:57.0969182+07:00" endTime="2019-04-05T23:47:57.1299201+07:00" testType="13cdc9d9-ddb5-4fa4-a97d-d965ccfc6d4b" outcome="Failed" testListId="8c84fa94-04c1-424b-9868-57a2d4851a1d" relativeResultsDirectory="8d5976c8-8098-411a-9d7a-f96d8bd1650c" dataRowInfo="0" resultType="DataDrivenDataRow">
          <Output>
            <ErrorInfo>
              <Message>Assert.AreEqual failed. Expected:&lt;True&gt;. Actual:&lt;False&gt;. </Message>
              <StackTrace>   at TestLogin.UnitTest1.TestXoaThucAn() in D:\TestLogin\TestLogin\UnitTest1.cs:line 70
</StackTrace>
            </ErrorInfo>
          </Output>
        </UnitTestResult>
        <UnitTestResult executionId="55cd9a6b-aa9e-4137-81e4-f5f16cf5bc30" parentExecutionId="8d5976c8-8098-411a-9d7a-f96d8bd1650c" testId="c62e7c74-6642-f23f-3653-5a65dc00b9de" testName="TestXoaThucAn" computerName="0JC5E4J89IIGSFK" duration="00:00:00.0034779" startTime="2019-04-05T23:47:57.1299201+07:00" endTime="2019-04-05T23:47:57.1329203+07:00" testType="13cdc9d9-ddb5-4fa4-a97d-d965ccfc6d4b" outcome="Failed" testListId="8c84fa94-04c1-424b-9868-57a2d4851a1d" relativeResultsDirectory="8d5976c8-8098-411a-9d7a-f96d8bd1650c" dataRowInfo="1" resultType="DataDrivenDataRow">
          <Output>
            <ErrorInfo>
              <Message>Assert.AreEqual failed. Expected:&lt;True&gt;. Actual:&lt;False&gt;. </Message>
              <StackTrace>   at TestLogin.UnitTest1.TestXoaThucAn() in D:\TestLogin\TestLogin\UnitTest1.cs:line 70
</StackTrace>
            </ErrorInfo>
          </Output>
        </UnitTestResult>
        <UnitTestResult executionId="7a59eeba-fd40-4d5e-a85a-350c4d00e8c1" parentExecutionId="8d5976c8-8098-411a-9d7a-f96d8bd1650c" testId="c62e7c74-6642-f23f-3653-5a65dc00b9de" testName="TestXoaThucAn" computerName="0JC5E4J89IIGSFK" duration="00:00:00.0038300" startTime="2019-04-05T23:47:57.1329203+07:00" endTime="2019-04-05T23:47:57.1369205+07:00" testType="13cdc9d9-ddb5-4fa4-a97d-d965ccfc6d4b" outcome="Failed" testListId="8c84fa94-04c1-424b-9868-57a2d4851a1d" relativeResultsDirectory="8d5976c8-8098-411a-9d7a-f96d8bd1650c" dataRowInfo="2" resultType="DataDrivenDataRow">
          <Output>
            <ErrorInfo>
              <Message>Assert.AreEqual failed. Expected:&lt;True&gt;. Actual:&lt;False&gt;. </Message>
              <StackTrace>   at TestLogin.UnitTest1.TestXoaThucAn() in D:\TestLogin\TestLogin\UnitTest1.cs:line 70
</StackTrace>
            </ErrorInfo>
          </Output>
        </UnitTestResult>
        <UnitTestResult executionId="6f051d9a-946d-421b-a334-b3e9cc8d98e3" parentExecutionId="8d5976c8-8098-411a-9d7a-f96d8bd1650c" testId="c62e7c74-6642-f23f-3653-5a65dc00b9de" testName="TestXoaThucAn" computerName="0JC5E4J89IIGSFK" duration="00:00:00.0059866" startTime="2019-04-05T23:47:57.1369205+07:00" endTime="2019-04-05T23:47:57.1429208+07:00" testType="13cdc9d9-ddb5-4fa4-a97d-d965ccfc6d4b" outcome="Failed" testListId="8c84fa94-04c1-424b-9868-57a2d4851a1d" relativeResultsDirectory="8d5976c8-8098-411a-9d7a-f96d8bd1650c" dataRowInfo="3" resultType="DataDrivenDataRow">
          <Output>
            <ErrorInfo>
              <Message>Test method TestLogin.UnitTest1.TestXoaThucAn threw exception: 
System.FormatException: Input string was not in a correct format.</Message>
              <StackTrace>    at System.Number.StringToNumber(String str, NumberStyles options, NumberBuffer&amp; number, NumberFormatInfo info, Boolean parseDecimal)
   at System.Number.ParseInt32(String s, NumberStyles style, NumberFormatInfo info)
   at System.Int32.Parse(String s)
   at TestLogin.UnitTest1.TestXoaThucAn() in D:\TestLogin\TestLogin\UnitTest1.cs:line 62
</StackTrace>
            </ErrorInfo>
          </Output>
        </UnitTestResult>
      </InnerResults>
    </UnitTestResult>
    <UnitTestResult executionId="adfa1603-c5b4-4e2a-9552-ead7d52f508c" testId="df7e0222-d733-2d06-3b64-bdc6c3c19ed5" testName="TestQuanLyThucAn" computerName="0JC5E4J89IIGSFK" duration="00:00:00.1935994" startTime="2019-04-05T23:47:57.1519214+07:00" endTime="2019-04-05T23:47:57.3579331+07:00" testType="13cdc9d9-ddb5-4fa4-a97d-d965ccfc6d4b" outcome="Passed" testListId="8c84fa94-04c1-424b-9868-57a2d4851a1d" relativeResultsDirectory="adfa1603-c5b4-4e2a-9552-ead7d52f508c" resultType="DataDrivenTest">
      <Counters error="0" failed="0" timeout="0" aborted="0" inconclusive="0" passedButRunAborted="0" notRunnable="0" notExecuted="0" disconnected="0" warning="0" passed="4" completed="0" inProgress="0" pending="0" />
      <InnerResults>
        <UnitTestResult executionId="7513bca3-6643-4543-9f8d-eec4e053c676" parentExecutionId="adfa1603-c5b4-4e2a-9552-ead7d52f508c" testId="df7e0222-d733-2d06-3b64-bdc6c3c19ed5" testName="TestQuanLyThucAn" computerName="0JC5E4J89IIGSFK" duration="00:00:00.0052142" startTime="2019-04-05T23:47:57.3419322+07:00" endTime="2019-04-05T23:47:57.3469325+07:00" testType="13cdc9d9-ddb5-4fa4-a97d-d965ccfc6d4b" outcome="Passed" testListId="8c84fa94-04c1-424b-9868-57a2d4851a1d" relativeResultsDirectory="adfa1603-c5b4-4e2a-9552-ead7d52f508c" dataRowInfo="0" resultType="DataDrivenDataRow" />
        <UnitTestResult executionId="6995340e-757c-44eb-913e-2169f9289fe4" parentExecutionId="adfa1603-c5b4-4e2a-9552-ead7d52f508c" testId="df7e0222-d733-2d06-3b64-bdc6c3c19ed5" testName="TestQuanLyThucAn" computerName="0JC5E4J89IIGSFK" duration="00:00:00.0007820" startTime="2019-04-05T23:47:57.3469325+07:00" endTime="2019-04-05T23:47:57.3479326+07:00" testType="13cdc9d9-ddb5-4fa4-a97d-d965ccfc6d4b" outcome="Passed" testListId="8c84fa94-04c1-424b-9868-57a2d4851a1d" relativeResultsDirectory="adfa1603-c5b4-4e2a-9552-ead7d52f508c" dataRowInfo="1" resultType="DataDrivenDataRow" />
        <UnitTestResult executionId="8437026c-d3d1-47c4-aad7-9c25f16aefcb" parentExecutionId="adfa1603-c5b4-4e2a-9552-ead7d52f508c" testId="df7e0222-d733-2d06-3b64-bdc6c3c19ed5" testName="TestQuanLyThucAn" computerName="0JC5E4J89IIGSFK" duration="00:00:00.0005057" startTime="2019-04-05T23:47:57.3479326+07:00" endTime="2019-04-05T23:47:57.3479326+07:00" testType="13cdc9d9-ddb5-4fa4-a97d-d965ccfc6d4b" outcome="Passed" testListId="8c84fa94-04c1-424b-9868-57a2d4851a1d" relativeResultsDirectory="adfa1603-c5b4-4e2a-9552-ead7d52f508c" dataRowInfo="2" resultType="DataDrivenDataRow" />
        <UnitTestResult executionId="45ec80b4-7f97-451a-855c-a709c045a21f" parentExecutionId="adfa1603-c5b4-4e2a-9552-ead7d52f508c" testId="df7e0222-d733-2d06-3b64-bdc6c3c19ed5" testName="TestQuanLyThucAn" computerName="0JC5E4J89IIGSFK" duration="00:00:00.0005085" startTime="2019-04-05T23:47:57.3479326+07:00" endTime="2019-04-05T23:47:57.3489326+07:00" testType="13cdc9d9-ddb5-4fa4-a97d-d965ccfc6d4b" outcome="Passed" testListId="8c84fa94-04c1-424b-9868-57a2d4851a1d" relativeResultsDirectory="adfa1603-c5b4-4e2a-9552-ead7d52f508c" dataRowInfo="3" resultType="DataDrivenDataRow" />
      </InnerResults>
    </UnitTestResult>
  </Results>
</TestRun>