<?xml version="1.0" encoding="UTF-8"?>
<TestRun id="4a144748-bae6-45f5-ae16-b411ea6187ad" name="Administrator@0JC5E4J89IIGSFK 2019-04-06 00:08:04" runUser="0JC5E4J89IIGSFK\Administrator" xmlns="http://microsoft.com/schemas/VisualStudio/TeamTest/2010">
  <TestSettings name="Local" id="28d37e11-905d-48f5-94df-ac22f24a05af">
    <Description>These are default test settings for a local test run.</Description>
    <Deployment runDeploymentRoot="Administrator_0JC5E4J89IIGSFK 2019-04-06 00_08_04">
      <DeploymentItem filename="C:\Users\Administrator\Desktop\QuanLyQuanCF\QuanLyQuanCF\bin\Debug\QuanLyQuanCF.exe" />
    </Deployment>
    <Execution>
      <TestTypeSpecific>
        <UnitTestRunConfig testTypeId="13cdc9d9-ddb5-4fa4-a97d-d965ccfc6d4b">
          <AssemblyResolution>
            <TestDirectory useLoadContext="true" />
          </AssemblyResolution>
        </UnitTestRunConfig>
        <WebTestRunConfiguration testTypeId="4e7599fa-5ecb-43e9-a887-cd63cf72d207">
          <Browser name="Internet Explorer 7.0">
            <Headers>
              <Header name="User-Agent" value="Mozilla/4.0 (compatible; MSIE 7.0; Windows NT 5.1)" />
              <Header name="Accept" value="*/*" />
              <Header name="Accept-Language" value="{{$IEAcceptLanguage}}" />
              <Header name="Accept-Encoding" value="GZIP" />
            </Headers>
          </Browser>
        </WebTestRunConfiguration>
      </TestTypeSpecific>
      <AgentRule name="LocalMachineDefaultRole">
      </AgentRule>
    </Execution>
  </TestSettings>
  <Times creation="2019-04-06T00:08:04.6949889+07:00" queuing="2019-04-06T00:08:04.8219961+07:00" start="2019-04-06T00:08:04.8499977+07:00" finish="2019-04-06T00:08:05.3990291+07:00" />
  <ResultSummary outcome="Completed">
    <Counters total="5" executed="5" passed="5" error="0" failed="0" timeout="0" aborted="0" inconclusive="0" passedButRunAborted="0" notRunnable="0" notExecuted="0" disconnected="0" warning="0" completed="0" inProgress="0" pending="0" />
  </ResultSummary>
  <TestDefinitions>
    <UnitTest name="TestUpdateFood" storage="d:\testlogin\testlogin\bin\debug\testlogin.dll" id="ff5f86c9-adbb-d9e0-25e9-82be096fd454">
      <DeploymentItems>
        <DeploymentItem filename="TestLogin\TestUpdateFood.csv" />
      </DeploymentItems>
      <Execution id="1757d864-ce00-46f3-9081-4ec5939a4106" />
      <TestMethod codeBase="D:/TestLogin/TestLogin/bin/Debug/TestLogin.DLL" adapterTypeName="Microsoft.VisualStudio.TestTools.TestTypes.Unit.UnitTestAdapter, Microsoft.VisualStudio.QualityTools.Tips.UnitTest.Adapter, Version=10.0.0.0, Culture=neutral, PublicKeyToken=b03f5f7f11d50a3a" className="TestLogin.UnitTest1, TestLogin, Version=1.0.0.0, Culture=neutral, PublicKeyToken=null" name="TestUpdateFood" />
      <DataSource connectionString="|DataDirectory|\TestUpdateFood.csv" providerInvariantName="Microsoft.VisualStudio.TestTools.DataSource.CSV" tableName="TestUpdateFood#csv" />
    </UnitTest>
  </TestDefinitions>
  <TestLists>
    <TestList name="Results Not in a List" id="8c84fa94-04c1-424b-9868-57a2d4851a1d" />
    <TestList name="All Loaded Results" id="19431567-8539-422a-85d7-44ee4e166bda" />
  </TestLists>
  <TestEntries>
    <TestEntry testId="ff5f86c9-adbb-d9e0-25e9-82be096fd454" executionId="1757d864-ce00-46f3-9081-4ec5939a4106" testListId="8c84fa94-04c1-424b-9868-57a2d4851a1d" />
  </TestEntries>
  <Results>
    <UnitTestResult executionId="1757d864-ce00-46f3-9081-4ec5939a4106" testId="ff5f86c9-adbb-d9e0-25e9-82be096fd454" testName="TestUpdateFood" computerName="0JC5E4J89IIGSFK" duration="00:00:00.2575548" startTime="2019-04-06T00:08:04.8499977+07:00" endTime="2019-04-06T00:08:05.3780279+07:00" testType="13cdc9d9-ddb5-4fa4-a97d-d965ccfc6d4b" outcome="Passed" testListId="8c84fa94-04c1-424b-9868-57a2d4851a1d" relativeResultsDirectory="1757d864-ce00-46f3-9081-4ec5939a4106" resultType="DataDrivenTest">
      <Counters error="0" failed="0" timeout="0" aborted="0" inconclusive="0" passedButRunAborted="0" notRunnable="0" notExecuted="0" disconnected="0" warning="0" passed="4" completed="0" inProgress="0" pending="0" />
      <InnerResults>
        <UnitTestResult executionId="a8b2ee27-8577-4250-ac01-631a83b88697" parentExecutionId="1757d864-ce00-46f3-9081-4ec5939a4106" testId="ff5f86c9-adbb-d9e0-25e9-82be096fd454" testName="TestUpdateFood" computerName="0JC5E4J89IIGSFK" duration="00:00:00.0318854" startTime="2019-04-06T00:08:05.3200246+07:00" endTime="2019-04-06T00:08:05.3580268+07:00" testType="13cdc9d9-ddb5-4fa4-a97d-d965ccfc6d4b" outcome="Passed" testListId="8c84fa94-04c1-424b-9868-57a2d4851a1d" relativeResultsDirectory="1757d864-ce00-46f3-9081-4ec5939a4106" dataRowInfo="0" resultType="DataDrivenDataRow" />
        <UnitTestResult executionId="2a943a40-731b-4ffe-a578-5b0287941dff" parentExecutionId="1757d864-ce00-46f3-9081-4ec5939a4106" testId="ff5f86c9-adbb-d9e0-25e9-82be096fd454" testName="TestUpdateFood" computerName="0JC5E4J89IIGSFK" duration="00:00:00.0006122" startTime="2019-04-06T00:08:05.3580268+07:00" endTime="2019-04-06T00:08:05.3590268+07:00" testType="13cdc9d9-ddb5-4fa4-a97d-d965ccfc6d4b" outcome="Passed" testListId="8c84fa94-04c1-424b-9868-57a2d4851a1d" relativeResultsDirectory="1757d864-ce00-46f3-9081-4ec5939a4106" dataRowInfo="1" resultType="DataDrivenDataRow" />
        <UnitTestResult executionId="f6be10a6-ffe7-4a7f-84eb-6f4c2ecd74fa" parentExecutionId="1757d864-ce00-46f3-9081-4ec5939a4106" testId="ff5f86c9-adbb-d9e0-25e9-82be096fd454" testName="TestUpdateFood" computerName="0JC5E4J89IIGSFK" duration="00:00:00.0002394" startTime="2019-04-06T00:08:05.3590268+07:00" endTime="2019-04-06T00:08:05.3590268+07:00" testType="13cdc9d9-ddb5-4fa4-a97d-d965ccfc6d4b" outcome="Passed" testListId="8c84fa94-04c1-424b-9868-57a2d4851a1d" relativeResultsDirectory="1757d864-ce00-46f3-9081-4ec5939a4106" dataRowInfo="2" resultType="DataDrivenDataRow" />
        <UnitTestResult executionId="1de7df74-5a1a-427b-9d26-8ebd57eb98ad" parentExecutionId="1757d864-ce00-46f3-9081-4ec5939a4106" testId="ff5f86c9-adbb-d9e0-25e9-82be096fd454" testName="TestUpdateFood" computerName="0JC5E4J89IIGSFK" duration="00:00:00.0008051" startTime="2019-04-06T00:08:05.3590268+07:00" endTime="2019-04-06T00:08:05.3600269+07:00" testType="13cdc9d9-ddb5-4fa4-a97d-d965ccfc6d4b" outcome="Passed" testListId="8c84fa94-04c1-424b-9868-57a2d4851a1d" relativeResultsDirectory="1757d864-ce00-46f3-9081-4ec5939a4106" dataRowInfo="3" resultType="DataDrivenDataRow" />
      </InnerResults>
    </UnitTestResult>
  </Results>
</TestRun>