<?xml version="1.0" encoding="UTF-8"?>
<TestRun id="46d2b2d4-9f84-48a1-9193-7dfa6a363b13" name="Administrator@0JC5E4J89IIGSFK 2019-04-06 00:05:06" runUser="0JC5E4J89IIGSFK\Administrator" xmlns="http://microsoft.com/schemas/VisualStudio/TeamTest/2010">
  <TestSettings name="Local" id="28d37e11-905d-48f5-94df-ac22f24a05af">
    <Description>These are default test settings for a local test run.</Description>
    <Deployment runDeploymentRoot="Administrator_0JC5E4J89IIGSFK 2019-04-06 00_05_06">
      <DeploymentItem filename="C:\Users\Administrator\Desktop\QuanLyQuanCF\QuanLyQuanCF\bin\Debug\QuanLyQuanCF.exe" />
    </Deployment>
    <Execution>
      <TestTypeSpecific>
        <UnitTestRunConfig testTypeId="13cdc9d9-ddb5-4fa4-a97d-d965ccfc6d4b">
          <AssemblyResolution>
            <TestDirectory useLoadContext="true" />
          </AssemblyResolution>
        </UnitTestRunConfig>
        <WebTestRunConfiguration testTypeId="4e7599fa-5ecb-43e9-a887-cd63cf72d207">
          <Browser name="Internet Explorer 7.0">
            <Headers>
              <Header name="User-Agent" value="Mozilla/4.0 (compatible; MSIE 7.0; Windows NT 5.1)" />
              <Header name="Accept" value="*/*" />
              <Header name="Accept-Language" value="{{$IEAcceptLanguage}}" />
              <Header name="Accept-Encoding" value="GZIP" />
            </Headers>
          </Browser>
        </WebTestRunConfiguration>
      </TestTypeSpecific>
      <AgentRule name="LocalMachineDefaultRole">
      </AgentRule>
    </Execution>
  </TestSettings>
  <Times creation="2019-04-06T00:05:06.6328043+07:00" queuing="2019-04-06T00:05:06.7468108+07:00" start="2019-04-06T00:05:06.7608116+07:00" finish="2019-04-06T00:05:07.4008482+07:00" />
  <ResultSummary outcome="Failed">
    <Counters total="4" executed="4" passed="2" error="0" failed="2" timeout="0" aborted="0" inconclusive="0" passedButRunAborted="0" notRunnable="0" notExecuted="0" disconnected="0" warning="0" completed="0" inProgress="0" pending="0" />
  </ResultSummary>
  <TestDefinitions>
    <UnitTest name="TestUpdateFood" storage="d:\testlogin\testlogin\bin\debug\testlogin.dll" id="ff5f86c9-adbb-d9e0-25e9-82be096fd454">
      <DeploymentItems>
        <DeploymentItem filename="TestLogin\TestUpdateFood.csv" />
      </DeploymentItems>
      <Execution id="a152bb4b-6532-487d-b4b1-db2b4c06a19d" />
      <TestMethod codeBase="D:/TestLogin/TestLogin/bin/Debug/TestLogin.DLL" adapterTypeName="Microsoft.VisualStudio.TestTools.TestTypes.Unit.UnitTestAdapter, Microsoft.VisualStudio.QualityTools.Tips.UnitTest.Adapter, Version=10.0.0.0, Culture=neutral, PublicKeyToken=b03f5f7f11d50a3a" className="TestLogin.UnitTest1, TestLogin, Version=1.0.0.0, Culture=neutral, PublicKeyToken=null" name="TestUpdateFood" />
      <DataSource connectionString="|DataDirectory|\TestUpdateFood.csv" providerInvariantName="Microsoft.VisualStudio.TestTools.DataSource.CSV" tableName="TestUpdateFood#csv" />
    </UnitTest>
  </TestDefinitions>
  <TestLists>
    <TestList name="Results Not in a List" id="8c84fa94-04c1-424b-9868-57a2d4851a1d" />
    <TestList name="All Loaded Results" id="19431567-8539-422a-85d7-44ee4e166bda" />
  </TestLists>
  <TestEntries>
    <TestEntry testId="ff5f86c9-adbb-d9e0-25e9-82be096fd454" executionId="a152bb4b-6532-487d-b4b1-db2b4c06a19d" testListId="8c84fa94-04c1-424b-9868-57a2d4851a1d" />
  </TestEntries>
  <Results>
    <UnitTestResult executionId="a152bb4b-6532-487d-b4b1-db2b4c06a19d" testId="ff5f86c9-adbb-d9e0-25e9-82be096fd454" testName="TestUpdateFood" computerName="0JC5E4J89IIGSFK" duration="00:00:00.3428191" startTime="2019-04-06T00:05:06.7618117+07:00" endTime="2019-04-06T00:05:07.3658462+07:00" testType="13cdc9d9-ddb5-4fa4-a97d-d965ccfc6d4b" outcome="Failed" testListId="8c84fa94-04c1-424b-9868-57a2d4851a1d" relativeResultsDirectory="a152bb4b-6532-487d-b4b1-db2b4c06a19d" resultType="DataDrivenTest">
      <Counters error="0" failed="1" timeout="0" aborted="0" inconclusive="0" passedButRunAborted="0" notRunnable="0" notExecuted="0" disconnected="0" warning="0" passed="2" completed="0" inProgress="0" pending="0" />
      <InnerResults>
        <UnitTestResult executionId="4e97eb42-630d-4cc6-875b-553cc87e3e19" parentExecutionId="a152bb4b-6532-487d-b4b1-db2b4c06a19d" testId="ff5f86c9-adbb-d9e0-25e9-82be096fd454" testName="TestUpdateFood" computerName="0JC5E4J89IIGSFK" duration="00:00:00.0410335" startTime="2019-04-06T00:05:07.2338387+07:00" endTime="2019-04-06T00:05:07.2828415+07:00" testType="13cdc9d9-ddb5-4fa4-a97d-d965ccfc6d4b" outcome="Passed" testListId="8c84fa94-04c1-424b-9868-57a2d4851a1d" relativeResultsDirectory="a152bb4b-6532-487d-b4b1-db2b4c06a19d" dataRowInfo="0" resultType="DataDrivenDataRow" />
        <UnitTestResult executionId="de8bb102-8bfc-4b41-896f-233be021fc1b" parentExecutionId="a152bb4b-6532-487d-b4b1-db2b4c06a19d" testId="ff5f86c9-adbb-d9e0-25e9-82be096fd454" testName="TestUpdateFood" computerName="0JC5E4J89IIGSFK" duration="00:00:00.0581680" startTime="2019-04-06T00:05:07.2828415+07:00" endTime="2019-04-06T00:05:07.3408448+07:00" testType="13cdc9d9-ddb5-4fa4-a97d-d965ccfc6d4b" outcome="Failed" testListId="8c84fa94-04c1-424b-9868-57a2d4851a1d" relativeResultsDirectory="a152bb4b-6532-487d-b4b1-db2b4c06a19d" dataRowInfo="1" resultType="DataDrivenDataRow">
          <Output>
            <ErrorInfo>
              <Message>Test method TestLogin.UnitTest1.TestUpdateFood threw exception: 
System.FormatException: Input string was not in a correct format.</Message>
              <StackTrace>    at System.Number.StringToNumber(String str, NumberStyles options, NumberBuffer&amp; number, NumberFormatInfo info, Boolean parseDecimal)
   at System.Number.ParseInt32(String s, NumberStyles style, NumberFormatInfo info)
   at System.Int32.Parse(String s)
   at TestLogin.UnitTest1.TestUpdateFood() in D:\TestLogin\TestLogin\UnitTest1.cs:line 76
</StackTrace>
            </ErrorInfo>
          </Output>
        </UnitTestResult>
        <UnitTestResult executionId="5fb8c93c-c5d9-46d3-a026-7ef90bbc70f1" parentExecutionId="a152bb4b-6532-487d-b4b1-db2b4c06a19d" testId="ff5f86c9-adbb-d9e0-25e9-82be096fd454" testName="TestUpdateFood" computerName="0JC5E4J89IIGSFK" duration="00:00:00.0060064" startTime="2019-04-06T00:05:07.3408448+07:00" endTime="2019-04-06T00:05:07.3468451+07:00" testType="13cdc9d9-ddb5-4fa4-a97d-d965ccfc6d4b" outcome="Passed" testListId="8c84fa94-04c1-424b-9868-57a2d4851a1d" relativeResultsDirectory="a152bb4b-6532-487d-b4b1-db2b4c06a19d" dataRowInfo="2" resultType="DataDrivenDataRow" />
      </InnerResults>
    </UnitTestResult>
  </Results>
</TestRun>