<?xml version="1.0" encoding="UTF-8"?>
<TestRun id="67ef64d7-49ba-4d13-8cfc-1d0a52f63e5a" name="Administrator@0JC5E4J89IIGSFK 2019-04-05 23:47:29" runUser="0JC5E4J89IIGSFK\Administrator" xmlns="http://microsoft.com/schemas/VisualStudio/TeamTest/2010">
  <TestSettings name="Local" id="28d37e11-905d-48f5-94df-ac22f24a05af">
    <Description>These are default test settings for a local test run.</Description>
    <Deployment runDeploymentRoot="Administrator_0JC5E4J89IIGSFK 2019-04-05 23_47_29">
      <DeploymentItem filename="C:\Users\Administrator\Desktop\QuanLyQuanCF\QuanLyQuanCF\bin\Debug\QuanLyQuanCF.exe" />
    </Deployment>
    <Execution>
      <TestTypeSpecific>
        <UnitTestRunConfig testTypeId="13cdc9d9-ddb5-4fa4-a97d-d965ccfc6d4b">
          <AssemblyResolution>
            <TestDirectory useLoadContext="true" />
          </AssemblyResolution>
        </UnitTestRunConfig>
        <WebTestRunConfiguration testTypeId="4e7599fa-5ecb-43e9-a887-cd63cf72d207">
          <Browser name="Internet Explorer 7.0">
            <Headers>
              <Header name="User-Agent" value="Mozilla/4.0 (compatible; MSIE 7.0; Windows NT 5.1)" />
              <Header name="Accept" value="*/*" />
              <Header name="Accept-Language" value="{{$IEAcceptLanguage}}" />
              <Header name="Accept-Encoding" value="GZIP" />
            </Headers>
          </Browser>
        </WebTestRunConfiguration>
      </TestTypeSpecific>
      <AgentRule name="LocalMachineDefaultRole">
      </AgentRule>
    </Execution>
  </TestSettings>
  <Times creation="2019-04-05T23:47:29.3183294+07:00" queuing="2019-04-05T23:47:29.4473367+07:00" start="2019-04-05T23:47:29.4923393+07:00" finish="2019-04-05T23:47:30.1403764+07:00" />
  <ResultSummary outcome="Failed">
    <Counters total="5" executed="5" error="0" failed="5" timeout="0" aborted="0" inconclusive="0" passedButRunAborted="0" notRunnable="0" notExecuted="0" disconnected="0" warning="0" passed="0" completed="0" inProgress="0" pending="0" />
  </ResultSummary>
  <TestDefinitions>
    <UnitTest name="TestXoaThucAn" storage="d:\testlogin\testlogin\bin\debug\testlogin.dll" id="c62e7c74-6642-f23f-3653-5a65dc00b9de">
      <DeploymentItems>
        <DeploymentItem filename="TestLogin\TestXoaThucAn.csv" />
      </DeploymentItems>
      <Execution id="dc2bcd13-7ad8-4c30-9117-348a7fe4bf79" />
      <TestMethod codeBase="D:/TestLogin/TestLogin/bin/Debug/TestLogin.DLL" adapterTypeName="Microsoft.VisualStudio.TestTools.TestTypes.Unit.UnitTestAdapter, Microsoft.VisualStudio.QualityTools.Tips.UnitTest.Adapter, Version=10.0.0.0, Culture=neutral, PublicKeyToken=b03f5f7f11d50a3a" className="TestLogin.UnitTest1, TestLogin, Version=1.0.0.0, Culture=neutral, PublicKeyToken=null" name="TestXoaThucAn" />
      <DataSource connectionString="|DataDirectory|\TestXoaThucAn.csv" providerInvariantName="Microsoft.VisualStudio.TestTools.DataSource.CSV" tableName="TestXoaThucAn#csv" />
    </UnitTest>
  </TestDefinitions>
  <TestLists>
    <TestList name="Results Not in a List" id="8c84fa94-04c1-424b-9868-57a2d4851a1d" />
    <TestList name="All Loaded Results" id="19431567-8539-422a-85d7-44ee4e166bda" />
  </TestLists>
  <TestEntries>
    <TestEntry testId="c62e7c74-6642-f23f-3653-5a65dc00b9de" executionId="dc2bcd13-7ad8-4c30-9117-348a7fe4bf79" testListId="8c84fa94-04c1-424b-9868-57a2d4851a1d" />
  </TestEntries>
  <Results>
    <UnitTestResult executionId="dc2bcd13-7ad8-4c30-9117-348a7fe4bf79" testId="c62e7c74-6642-f23f-3653-5a65dc00b9de" testName="TestXoaThucAn" computerName="0JC5E4J89IIGSFK" duration="00:00:00.2833876" startTime="2019-04-05T23:47:29.4873390+07:00" endTime="2019-04-05T23:47:30.1163750+07:00" testType="13cdc9d9-ddb5-4fa4-a97d-d965ccfc6d4b" outcome="Failed" testListId="8c84fa94-04c1-424b-9868-57a2d4851a1d" relativeResultsDirectory="dc2bcd13-7ad8-4c30-9117-348a7fe4bf79" resultType="DataDrivenTest">
      <Counters error="0" failed="4" timeout="0" aborted="0" inconclusive="0" passedButRunAborted="0" notRunnable="0" notExecuted="0" disconnected="0" warning="0" passed="0" completed="0" inProgress="0" pending="0" />
      <InnerResults>
        <UnitTestResult executionId="a3778913-a531-487f-b872-e54a5963203a" parentExecutionId="dc2bcd13-7ad8-4c30-9117-348a7fe4bf79" testId="c62e7c74-6642-f23f-3653-5a65dc00b9de" testName="TestXoaThucAn" computerName="0JC5E4J89IIGSFK" duration="00:00:00.0846933" startTime="2019-04-05T23:47:29.9953681+07:00" endTime="2019-04-05T23:47:30.0843732+07:00" testType="13cdc9d9-ddb5-4fa4-a97d-d965ccfc6d4b" outcome="Failed" testListId="8c84fa94-04c1-424b-9868-57a2d4851a1d" relativeResultsDirectory="dc2bcd13-7ad8-4c30-9117-348a7fe4bf79" dataRowInfo="0" resultType="DataDrivenDataRow">
          <Output>
            <ErrorInfo>
              <Message>Assert.AreEqual failed. Expected:&lt;True&gt;. Actual:&lt;False&gt;. </Message>
              <StackTrace>   at TestLogin.UnitTest1.TestXoaThucAn() in D:\TestLogin\TestLogin\UnitTest1.cs:line 70
</StackTrace>
            </ErrorInfo>
          </Output>
        </UnitTestResult>
        <UnitTestResult executionId="e2f11e39-46e9-4229-a06b-808261164332" parentExecutionId="dc2bcd13-7ad8-4c30-9117-348a7fe4bf79" testId="c62e7c74-6642-f23f-3653-5a65dc00b9de" testName="TestXoaThucAn" computerName="0JC5E4J89IIGSFK" duration="00:00:00.0032883" startTime="2019-04-05T23:47:30.0843732+07:00" endTime="2019-04-05T23:47:30.0883734+07:00" testType="13cdc9d9-ddb5-4fa4-a97d-d965ccfc6d4b" outcome="Failed" testListId="8c84fa94-04c1-424b-9868-57a2d4851a1d" relativeResultsDirectory="dc2bcd13-7ad8-4c30-9117-348a7fe4bf79" dataRowInfo="1" resultType="DataDrivenDataRow">
          <Output>
            <ErrorInfo>
              <Message>Assert.AreEqual failed. Expected:&lt;True&gt;. Actual:&lt;False&gt;. </Message>
              <StackTrace>   at TestLogin.UnitTest1.TestXoaThucAn() in D:\TestLogin\TestLogin\UnitTest1.cs:line 70
</StackTrace>
            </ErrorInfo>
          </Output>
        </UnitTestResult>
        <UnitTestResult executionId="949198e5-b9bf-4782-9bb1-f3060a9448be" parentExecutionId="dc2bcd13-7ad8-4c30-9117-348a7fe4bf79" testId="c62e7c74-6642-f23f-3653-5a65dc00b9de" testName="TestXoaThucAn" computerName="0JC5E4J89IIGSFK" duration="00:00:00.0038333" startTime="2019-04-05T23:47:30.0883734+07:00" endTime="2019-04-05T23:47:30.0923736+07:00" testType="13cdc9d9-ddb5-4fa4-a97d-d965ccfc6d4b" outcome="Failed" testListId="8c84fa94-04c1-424b-9868-57a2d4851a1d" relativeResultsDirectory="dc2bcd13-7ad8-4c30-9117-348a7fe4bf79" dataRowInfo="2" resultType="DataDrivenDataRow">
          <Output>
            <ErrorInfo>
              <Message>Assert.AreEqual failed. Expected:&lt;True&gt;. Actual:&lt;False&gt;. </Message>
              <StackTrace>   at TestLogin.UnitTest1.TestXoaThucAn() in D:\TestLogin\TestLogin\UnitTest1.cs:line 70
</StackTrace>
            </ErrorInfo>
          </Output>
        </UnitTestResult>
        <UnitTestResult executionId="2197db2f-87d8-464e-8ceb-a0d290ceb4f1" parentExecutionId="dc2bcd13-7ad8-4c30-9117-348a7fe4bf79" testId="c62e7c74-6642-f23f-3653-5a65dc00b9de" testName="TestXoaThucAn" computerName="0JC5E4J89IIGSFK" duration="00:00:00.0057398" startTime="2019-04-05T23:47:30.0923736+07:00" endTime="2019-04-05T23:47:30.0973739+07:00" testType="13cdc9d9-ddb5-4fa4-a97d-d965ccfc6d4b" outcome="Failed" testListId="8c84fa94-04c1-424b-9868-57a2d4851a1d" relativeResultsDirectory="dc2bcd13-7ad8-4c30-9117-348a7fe4bf79" dataRowInfo="3" resultType="DataDrivenDataRow">
          <Output>
            <ErrorInfo>
              <Message>Test method TestLogin.UnitTest1.TestXoaThucAn threw exception: 
System.FormatException: Input string was not in a correct format.</Message>
              <StackTrace>    at System.Number.StringToNumber(String str, NumberStyles options, NumberBuffer&amp; number, NumberFormatInfo info, Boolean parseDecimal)
   at System.Number.ParseInt32(String s, NumberStyles style, NumberFormatInfo info)
   at System.Int32.Parse(String s)
   at TestLogin.UnitTest1.TestXoaThucAn() in D:\TestLogin\TestLogin\UnitTest1.cs:line 62
</StackTrace>
            </ErrorInfo>
          </Output>
        </UnitTestResult>
      </InnerResults>
    </UnitTestResult>
  </Results>
</TestRun>