<?xml version="1.0" encoding="UTF-8"?>
<TestRun id="3fd8aa67-1d23-42dc-a406-df1b31c51f0a" name="Administrator@0JC5E4J89IIGSFK 2019-04-05 23:38:37" runUser="0JC5E4J89IIGSFK\Administrator" xmlns="http://microsoft.com/schemas/VisualStudio/TeamTest/2010">
  <TestSettings name="Local" id="28d37e11-905d-48f5-94df-ac22f24a05af">
    <Description>These are default test settings for a local test run.</Description>
    <Deployment runDeploymentRoot="Administrator_0JC5E4J89IIGSFK 2019-04-05 23_38_37">
      <DeploymentItem filename="C:\Users\Administrator\Desktop\QuanLyQuanCF\QuanLyQuanCF\bin\Debug\QuanLyQuanCF.exe" />
    </Deployment>
    <Execution>
      <TestTypeSpecific>
        <UnitTestRunConfig testTypeId="13cdc9d9-ddb5-4fa4-a97d-d965ccfc6d4b">
          <AssemblyResolution>
            <TestDirectory useLoadContext="true" />
          </AssemblyResolution>
        </UnitTestRunConfig>
        <WebTestRunConfiguration testTypeId="4e7599fa-5ecb-43e9-a887-cd63cf72d207">
          <Browser name="Internet Explorer 7.0">
            <Headers>
              <Header name="User-Agent" value="Mozilla/4.0 (compatible; MSIE 7.0; Windows NT 5.1)" />
              <Header name="Accept" value="*/*" />
              <Header name="Accept-Language" value="{{$IEAcceptLanguage}}" />
              <Header name="Accept-Encoding" value="GZIP" />
            </Headers>
          </Browser>
        </WebTestRunConfiguration>
      </TestTypeSpecific>
      <AgentRule name="LocalMachineDefaultRole">
      </AgentRule>
    </Execution>
  </TestSettings>
  <Times creation="2019-04-05T23:38:37.7719266+07:00" queuing="2019-04-05T23:38:37.8939336+07:00" start="2019-04-05T23:38:37.9169349+07:00" finish="2019-04-05T23:38:38.5859732+07:00" />
  <ResultSummary outcome="Failed">
    <Counters total="5" executed="5" passed="3" error="0" failed="2" timeout="0" aborted="0" inconclusive="0" passedButRunAborted="0" notRunnable="0" notExecuted="0" disconnected="0" warning="0" completed="0" inProgress="0" pending="0" />
  </ResultSummary>
  <TestDefinitions>
    <UnitTest name="TestQuanLyThucAn" storage="d:\testlogin\testlogin\bin\debug\testlogin.dll" id="df7e0222-d733-2d06-3b64-bdc6c3c19ed5">
      <DeploymentItems>
        <DeploymentItem filename="TestLogin\TestQuanLyThucAn.csv" />
      </DeploymentItems>
      <Execution id="2bcb0947-78b1-43a1-87bf-dc2c1f6a28a8" />
      <TestMethod codeBase="D:/TestLogin/TestLogin/bin/Debug/TestLogin.DLL" adapterTypeName="Microsoft.VisualStudio.TestTools.TestTypes.Unit.UnitTestAdapter, Microsoft.VisualStudio.QualityTools.Tips.UnitTest.Adapter, Version=10.0.0.0, Culture=neutral, PublicKeyToken=b03f5f7f11d50a3a" className="TestLogin.UnitTest1, TestLogin, Version=1.0.0.0, Culture=neutral, PublicKeyToken=null" name="TestQuanLyThucAn" />
      <DataSource connectionString="|DataDirectory|\TestQuanLyThucAn.csv" providerInvariantName="Microsoft.VisualStudio.TestTools.DataSource.CSV" tableName="TestQuanLyThucAn#csv" />
    </UnitTest>
  </TestDefinitions>
  <TestLists>
    <TestList name="Results Not in a List" id="8c84fa94-04c1-424b-9868-57a2d4851a1d" />
    <TestList name="All Loaded Results" id="19431567-8539-422a-85d7-44ee4e166bda" />
  </TestLists>
  <TestEntries>
    <TestEntry testId="df7e0222-d733-2d06-3b64-bdc6c3c19ed5" executionId="2bcb0947-78b1-43a1-87bf-dc2c1f6a28a8" testListId="8c84fa94-04c1-424b-9868-57a2d4851a1d" />
  </TestEntries>
  <Results>
    <UnitTestResult executionId="2bcb0947-78b1-43a1-87bf-dc2c1f6a28a8" testId="df7e0222-d733-2d06-3b64-bdc6c3c19ed5" testName="TestQuanLyThucAn" computerName="0JC5E4J89IIGSFK" duration="00:00:00.3460977" startTime="2019-04-05T23:38:37.9179350+07:00" endTime="2019-04-05T23:38:38.5559715+07:00" testType="13cdc9d9-ddb5-4fa4-a97d-d965ccfc6d4b" outcome="Failed" testListId="8c84fa94-04c1-424b-9868-57a2d4851a1d" relativeResultsDirectory="2bcb0947-78b1-43a1-87bf-dc2c1f6a28a8" resultType="DataDrivenTest">
      <Counters error="0" failed="1" timeout="0" aborted="0" inconclusive="0" passedButRunAborted="0" notRunnable="0" notExecuted="0" disconnected="0" warning="0" passed="3" completed="0" inProgress="0" pending="0" />
      <InnerResults>
        <UnitTestResult executionId="071faa1f-27d0-4407-ab0e-b64590660896" parentExecutionId="2bcb0947-78b1-43a1-87bf-dc2c1f6a28a8" testId="df7e0222-d733-2d06-3b64-bdc6c3c19ed5" testName="TestQuanLyThucAn" computerName="0JC5E4J89IIGSFK" duration="00:00:00.0636226" startTime="2019-04-05T23:38:38.4519655+07:00" endTime="2019-04-05T23:38:38.5199694+07:00" testType="13cdc9d9-ddb5-4fa4-a97d-d965ccfc6d4b" outcome="Passed" testListId="8c84fa94-04c1-424b-9868-57a2d4851a1d" relativeResultsDirectory="2bcb0947-78b1-43a1-87bf-dc2c1f6a28a8" dataRowInfo="0" resultType="DataDrivenDataRow" />
        <UnitTestResult executionId="ca0e8bed-e32d-47ed-87b6-9c601c948211" parentExecutionId="2bcb0947-78b1-43a1-87bf-dc2c1f6a28a8" testId="df7e0222-d733-2d06-3b64-bdc6c3c19ed5" testName="TestQuanLyThucAn" computerName="0JC5E4J89IIGSFK" duration="00:00:00.0009441" startTime="2019-04-05T23:38:38.5199694+07:00" endTime="2019-04-05T23:38:38.5209695+07:00" testType="13cdc9d9-ddb5-4fa4-a97d-d965ccfc6d4b" outcome="Passed" testListId="8c84fa94-04c1-424b-9868-57a2d4851a1d" relativeResultsDirectory="2bcb0947-78b1-43a1-87bf-dc2c1f6a28a8" dataRowInfo="1" resultType="DataDrivenDataRow" />
        <UnitTestResult executionId="8775b356-68de-47b5-b78e-d8160bc4b71f" parentExecutionId="2bcb0947-78b1-43a1-87bf-dc2c1f6a28a8" testId="df7e0222-d733-2d06-3b64-bdc6c3c19ed5" testName="TestQuanLyThucAn" computerName="0JC5E4J89IIGSFK" duration="00:00:00.0004611" startTime="2019-04-05T23:38:38.5209695+07:00" endTime="2019-04-05T23:38:38.5219695+07:00" testType="13cdc9d9-ddb5-4fa4-a97d-d965ccfc6d4b" outcome="Passed" testListId="8c84fa94-04c1-424b-9868-57a2d4851a1d" relativeResultsDirectory="2bcb0947-78b1-43a1-87bf-dc2c1f6a28a8" dataRowInfo="2" resultType="DataDrivenDataRow" />
        <UnitTestResult executionId="40e2559d-6684-4d6a-9eda-f6d599834e78" parentExecutionId="2bcb0947-78b1-43a1-87bf-dc2c1f6a28a8" testId="df7e0222-d733-2d06-3b64-bdc6c3c19ed5" testName="TestQuanLyThucAn" computerName="0JC5E4J89IIGSFK" duration="00:00:00.0206120" startTime="2019-04-05T23:38:38.5219695+07:00" endTime="2019-04-05T23:38:38.5419707+07:00" testType="13cdc9d9-ddb5-4fa4-a97d-d965ccfc6d4b" outcome="Failed" testListId="8c84fa94-04c1-424b-9868-57a2d4851a1d" relativeResultsDirectory="2bcb0947-78b1-43a1-87bf-dc2c1f6a28a8" dataRowInfo="3" resultType="DataDrivenDataRow">
          <Output>
            <ErrorInfo>
              <Message>Assert.AreEqual failed. Expected:&lt;False&gt;. Actual:&lt;True&gt;. </Message>
              <StackTrace>   at TestLogin.UnitTest1.TestQuanLyThucAn() in D:\TestLogin\TestLogin\UnitTest1.cs:line 55
</StackTrace>
            </ErrorInfo>
          </Output>
        </UnitTestResult>
      </InnerResults>
    </UnitTestResult>
  </Results>
</TestRun>