<?xml version="1.0" encoding="UTF-8"?>
<TestRun id="1d5c122c-e319-4937-af20-8212d016a5ae" name="Administrator@0JC5E4J89IIGSFK 2019-04-05 23:49:14" runUser="0JC5E4J89IIGSFK\Administrator" xmlns="http://microsoft.com/schemas/VisualStudio/TeamTest/2010">
  <TestSettings name="Local" id="28d37e11-905d-48f5-94df-ac22f24a05af">
    <Description>These are default test settings for a local test run.</Description>
    <Deployment runDeploymentRoot="Administrator_0JC5E4J89IIGSFK 2019-04-05 23_49_14">
      <DeploymentItem filename="C:\Users\Administrator\Desktop\QuanLyQuanCF\QuanLyQuanCF\bin\Debug\QuanLyQuanCF.exe" />
    </Deployment>
    <Execution>
      <TestTypeSpecific>
        <UnitTestRunConfig testTypeId="13cdc9d9-ddb5-4fa4-a97d-d965ccfc6d4b">
          <AssemblyResolution>
            <TestDirectory useLoadContext="true" />
          </AssemblyResolution>
        </UnitTestRunConfig>
        <WebTestRunConfiguration testTypeId="4e7599fa-5ecb-43e9-a887-cd63cf72d207">
          <Browser name="Internet Explorer 7.0">
            <Headers>
              <Header name="User-Agent" value="Mozilla/4.0 (compatible; MSIE 7.0; Windows NT 5.1)" />
              <Header name="Accept" value="*/*" />
              <Header name="Accept-Language" value="{{$IEAcceptLanguage}}" />
              <Header name="Accept-Encoding" value="GZIP" />
            </Headers>
          </Browser>
        </WebTestRunConfiguration>
      </TestTypeSpecific>
      <AgentRule name="LocalMachineDefaultRole">
      </AgentRule>
    </Execution>
  </TestSettings>
  <Times creation="2019-04-05T23:49:14.3493368+07:00" queuing="2019-04-05T23:49:14.4593431+07:00" start="2019-04-05T23:49:14.5313472+07:00" finish="2019-04-05T23:49:15.1723839+07:00" />
  <ResultSummary outcome="Completed">
    <Counters total="4" executed="4" passed="4" error="0" failed="0" timeout="0" aborted="0" inconclusive="0" passedButRunAborted="0" notRunnable="0" notExecuted="0" disconnected="0" warning="0" completed="0" inProgress="0" pending="0" />
  </ResultSummary>
  <TestDefinitions>
    <UnitTest name="TestXoaThucAn" storage="d:\testlogin\testlogin\bin\debug\testlogin.dll" id="c62e7c74-6642-f23f-3653-5a65dc00b9de">
      <DeploymentItems>
        <DeploymentItem filename="TestLogin\TestXoaThucAn.csv" />
      </DeploymentItems>
      <Execution id="39b5102f-9ad0-4cc1-97c7-d60d3f9e9ec2" />
      <TestMethod codeBase="D:/TestLogin/TestLogin/bin/Debug/TestLogin.DLL" adapterTypeName="Microsoft.VisualStudio.TestTools.TestTypes.Unit.UnitTestAdapter, Microsoft.VisualStudio.QualityTools.Tips.UnitTest.Adapter, Version=10.0.0.0, Culture=neutral, PublicKeyToken=b03f5f7f11d50a3a" className="TestLogin.UnitTest1, TestLogin, Version=1.0.0.0, Culture=neutral, PublicKeyToken=null" name="TestXoaThucAn" />
      <DataSource connectionString="|DataDirectory|\TestXoaThucAn.csv" providerInvariantName="Microsoft.VisualStudio.TestTools.DataSource.CSV" tableName="TestXoaThucAn#csv" />
    </UnitTest>
  </TestDefinitions>
  <TestLists>
    <TestList name="Results Not in a List" id="8c84fa94-04c1-424b-9868-57a2d4851a1d" />
    <TestList name="All Loaded Results" id="19431567-8539-422a-85d7-44ee4e166bda" />
  </TestLists>
  <TestEntries>
    <TestEntry testId="c62e7c74-6642-f23f-3653-5a65dc00b9de" executionId="39b5102f-9ad0-4cc1-97c7-d60d3f9e9ec2" testListId="8c84fa94-04c1-424b-9868-57a2d4851a1d" />
  </TestEntries>
  <Results>
    <UnitTestResult executionId="39b5102f-9ad0-4cc1-97c7-d60d3f9e9ec2" testId="c62e7c74-6642-f23f-3653-5a65dc00b9de" testName="TestXoaThucAn" computerName="0JC5E4J89IIGSFK" duration="00:00:00.2906328" startTime="2019-04-05T23:49:14.5323473+07:00" endTime="2019-04-05T23:49:15.0943794+07:00" testType="13cdc9d9-ddb5-4fa4-a97d-d965ccfc6d4b" outcome="Passed" testListId="8c84fa94-04c1-424b-9868-57a2d4851a1d" relativeResultsDirectory="39b5102f-9ad0-4cc1-97c7-d60d3f9e9ec2" resultType="DataDrivenTest">
      <Counters error="0" failed="0" timeout="0" aborted="0" inconclusive="0" passedButRunAborted="0" notRunnable="0" notExecuted="0" disconnected="0" warning="0" passed="3" completed="0" inProgress="0" pending="0" />
      <InnerResults>
        <UnitTestResult executionId="5de13459-6f0d-4874-a53f-aac722cf6b56" parentExecutionId="39b5102f-9ad0-4cc1-97c7-d60d3f9e9ec2" testId="c62e7c74-6642-f23f-3653-5a65dc00b9de" testName="TestXoaThucAn" computerName="0JC5E4J89IIGSFK" duration="00:00:00.0656438" startTime="2019-04-05T23:49:15.0003740+07:00" endTime="2019-04-05T23:49:15.0723781+07:00" testType="13cdc9d9-ddb5-4fa4-a97d-d965ccfc6d4b" outcome="Passed" testListId="8c84fa94-04c1-424b-9868-57a2d4851a1d" relativeResultsDirectory="39b5102f-9ad0-4cc1-97c7-d60d3f9e9ec2" dataRowInfo="0" resultType="DataDrivenDataRow" />
        <UnitTestResult executionId="1152f518-95f5-4755-a25a-bd2d015b3678" parentExecutionId="39b5102f-9ad0-4cc1-97c7-d60d3f9e9ec2" testId="c62e7c74-6642-f23f-3653-5a65dc00b9de" testName="TestXoaThucAn" computerName="0JC5E4J89IIGSFK" duration="00:00:00.0013874" startTime="2019-04-05T23:49:15.0723781+07:00" endTime="2019-04-05T23:49:15.0733782+07:00" testType="13cdc9d9-ddb5-4fa4-a97d-d965ccfc6d4b" outcome="Passed" testListId="8c84fa94-04c1-424b-9868-57a2d4851a1d" relativeResultsDirectory="39b5102f-9ad0-4cc1-97c7-d60d3f9e9ec2" dataRowInfo="1" resultType="DataDrivenDataRow" />
        <UnitTestResult executionId="b118a7a3-3434-4640-b66c-fded344cf5d0" parentExecutionId="39b5102f-9ad0-4cc1-97c7-d60d3f9e9ec2" testId="c62e7c74-6642-f23f-3653-5a65dc00b9de" testName="TestXoaThucAn" computerName="0JC5E4J89IIGSFK" duration="00:00:00.0009255" startTime="2019-04-05T23:49:15.0733782+07:00" endTime="2019-04-05T23:49:15.0743783+07:00" testType="13cdc9d9-ddb5-4fa4-a97d-d965ccfc6d4b" outcome="Passed" testListId="8c84fa94-04c1-424b-9868-57a2d4851a1d" relativeResultsDirectory="39b5102f-9ad0-4cc1-97c7-d60d3f9e9ec2" dataRowInfo="2" resultType="DataDrivenDataRow" />
      </InnerResults>
    </UnitTestResult>
  </Results>
</TestRun>