<?xml version="1.0" encoding="UTF-8"?>
<TestRun id="6c87c28a-1006-4c84-bcb2-39e9bf680f1d" name="Administrator@0JC5E4J89IIGSFK 2019-04-05 23:45:52" runUser="0JC5E4J89IIGSFK\Administrator" xmlns="http://microsoft.com/schemas/VisualStudio/TeamTest/2010">
  <TestSettings name="Local" id="28d37e11-905d-48f5-94df-ac22f24a05af">
    <Description>These are default test settings for a local test run.</Description>
    <Deployment runDeploymentRoot="Administrator_0JC5E4J89IIGSFK 2019-04-05 23_45_52">
      <DeploymentItem filename="C:\Users\Administrator\Desktop\QuanLyQuanCF\QuanLyQuanCF\bin\Debug\QuanLyQuanCF.exe" />
    </Deployment>
    <Execution>
      <TestTypeSpecific>
        <UnitTestRunConfig testTypeId="13cdc9d9-ddb5-4fa4-a97d-d965ccfc6d4b">
          <AssemblyResolution>
            <TestDirectory useLoadContext="true" />
          </AssemblyResolution>
        </UnitTestRunConfig>
        <WebTestRunConfiguration testTypeId="4e7599fa-5ecb-43e9-a887-cd63cf72d207">
          <Browser name="Internet Explorer 7.0">
            <Headers>
              <Header name="User-Agent" value="Mozilla/4.0 (compatible; MSIE 7.0; Windows NT 5.1)" />
              <Header name="Accept" value="*/*" />
              <Header name="Accept-Language" value="{{$IEAcceptLanguage}}" />
              <Header name="Accept-Encoding" value="GZIP" />
            </Headers>
          </Browser>
        </WebTestRunConfiguration>
      </TestTypeSpecific>
      <AgentRule name="LocalMachineDefaultRole">
      </AgentRule>
    </Execution>
  </TestSettings>
  <Times creation="2019-04-05T23:45:52.7768075+07:00" queuing="2019-04-05T23:45:52.8988145+07:00" start="2019-04-05T23:45:52.9278161+07:00" finish="2019-04-05T23:45:55.4489603+07:00" />
  <ResultSummary outcome="Completed">
    <Counters total="5" executed="5" passed="5" error="0" failed="0" timeout="0" aborted="0" inconclusive="0" passedButRunAborted="0" notRunnable="0" notExecuted="0" disconnected="0" warning="0" completed="0" inProgress="0" pending="0" />
  </ResultSummary>
  <TestDefinitions>
    <UnitTest name="TestQuanLyThucAn" storage="d:\testlogin\testlogin\bin\debug\testlogin.dll" id="df7e0222-d733-2d06-3b64-bdc6c3c19ed5">
      <DeploymentItems>
        <DeploymentItem filename="TestLogin\TestQuanLyThucAn.csv" />
      </DeploymentItems>
      <Execution id="1a36c6eb-7bfa-4a2a-909b-aa0efccaea4e" />
      <TestMethod codeBase="D:/TestLogin/TestLogin/bin/Debug/TestLogin.DLL" adapterTypeName="Microsoft.VisualStudio.TestTools.TestTypes.Unit.UnitTestAdapter, Microsoft.VisualStudio.QualityTools.Tips.UnitTest.Adapter, Version=10.0.0.0, Culture=neutral, PublicKeyToken=b03f5f7f11d50a3a" className="TestLogin.UnitTest1, TestLogin, Version=1.0.0.0, Culture=neutral, PublicKeyToken=null" name="TestQuanLyThucAn" />
      <DataSource connectionString="|DataDirectory|\TestQuanLyThucAn.csv" providerInvariantName="Microsoft.VisualStudio.TestTools.DataSource.CSV" tableName="TestQuanLyThucAn#csv" />
    </UnitTest>
  </TestDefinitions>
  <TestLists>
    <TestList name="Results Not in a List" id="8c84fa94-04c1-424b-9868-57a2d4851a1d" />
    <TestList name="All Loaded Results" id="19431567-8539-422a-85d7-44ee4e166bda" />
  </TestLists>
  <TestEntries>
    <TestEntry testId="df7e0222-d733-2d06-3b64-bdc6c3c19ed5" executionId="1a36c6eb-7bfa-4a2a-909b-aa0efccaea4e" testListId="8c84fa94-04c1-424b-9868-57a2d4851a1d" />
  </TestEntries>
  <Results>
    <UnitTestResult executionId="1a36c6eb-7bfa-4a2a-909b-aa0efccaea4e" testId="df7e0222-d733-2d06-3b64-bdc6c3c19ed5" testName="TestQuanLyThucAn" computerName="0JC5E4J89IIGSFK" duration="00:00:00.3010261" startTime="2019-04-05T23:45:52.9288162+07:00" endTime="2019-04-05T23:45:53.5148497+07:00" testType="13cdc9d9-ddb5-4fa4-a97d-d965ccfc6d4b" outcome="Passed" testListId="8c84fa94-04c1-424b-9868-57a2d4851a1d" relativeResultsDirectory="1a36c6eb-7bfa-4a2a-909b-aa0efccaea4e" resultType="DataDrivenTest">
      <Counters error="0" failed="0" timeout="0" aborted="0" inconclusive="0" passedButRunAborted="0" notRunnable="0" notExecuted="0" disconnected="0" warning="0" passed="4" completed="0" inProgress="0" pending="0" />
      <InnerResults>
        <UnitTestResult executionId="64fbda4d-71a9-4c0c-8361-6212097f6275" parentExecutionId="1a36c6eb-7bfa-4a2a-909b-aa0efccaea4e" testId="df7e0222-d733-2d06-3b64-bdc6c3c19ed5" testName="TestQuanLyThucAn" computerName="0JC5E4J89IIGSFK" duration="00:00:00.0648472" startTime="2019-04-05T23:45:53.4158441+07:00" endTime="2019-04-05T23:45:53.4868481+07:00" testType="13cdc9d9-ddb5-4fa4-a97d-d965ccfc6d4b" outcome="Passed" testListId="8c84fa94-04c1-424b-9868-57a2d4851a1d" relativeResultsDirectory="1a36c6eb-7bfa-4a2a-909b-aa0efccaea4e" dataRowInfo="0" resultType="DataDrivenDataRow" />
        <UnitTestResult executionId="09cc00c1-4eca-4061-befc-9f4a27c165a4" parentExecutionId="1a36c6eb-7bfa-4a2a-909b-aa0efccaea4e" testId="df7e0222-d733-2d06-3b64-bdc6c3c19ed5" testName="TestQuanLyThucAn" computerName="0JC5E4J89IIGSFK" duration="00:00:00.0010969" startTime="2019-04-05T23:45:53.4878482+07:00" endTime="2019-04-05T23:45:53.4888482+07:00" testType="13cdc9d9-ddb5-4fa4-a97d-d965ccfc6d4b" outcome="Passed" testListId="8c84fa94-04c1-424b-9868-57a2d4851a1d" relativeResultsDirectory="1a36c6eb-7bfa-4a2a-909b-aa0efccaea4e" dataRowInfo="1" resultType="DataDrivenDataRow" />
        <UnitTestResult executionId="2615c969-ad37-4f1e-b541-19a8d9b4fcf7" parentExecutionId="1a36c6eb-7bfa-4a2a-909b-aa0efccaea4e" testId="df7e0222-d733-2d06-3b64-bdc6c3c19ed5" testName="TestQuanLyThucAn" computerName="0JC5E4J89IIGSFK" duration="00:00:00.0009271" startTime="2019-04-05T23:45:53.4888482+07:00" endTime="2019-04-05T23:45:53.4898483+07:00" testType="13cdc9d9-ddb5-4fa4-a97d-d965ccfc6d4b" outcome="Passed" testListId="8c84fa94-04c1-424b-9868-57a2d4851a1d" relativeResultsDirectory="1a36c6eb-7bfa-4a2a-909b-aa0efccaea4e" dataRowInfo="2" resultType="DataDrivenDataRow" />
        <UnitTestResult executionId="28b98010-3730-464b-b672-7bda8539f7ac" parentExecutionId="1a36c6eb-7bfa-4a2a-909b-aa0efccaea4e" testId="df7e0222-d733-2d06-3b64-bdc6c3c19ed5" testName="TestQuanLyThucAn" computerName="0JC5E4J89IIGSFK" duration="00:00:00.0005956" startTime="2019-04-05T23:45:53.4898483+07:00" endTime="2019-04-05T23:45:53.4898483+07:00" testType="13cdc9d9-ddb5-4fa4-a97d-d965ccfc6d4b" outcome="Passed" testListId="8c84fa94-04c1-424b-9868-57a2d4851a1d" relativeResultsDirectory="1a36c6eb-7bfa-4a2a-909b-aa0efccaea4e" dataRowInfo="3" resultType="DataDrivenDataRow" />
      </InnerResults>
    </UnitTestResult>
  </Results>
</TestRun>